
  .   ____          _            __ _ _
 /\\ / ___'_ __ _ _(_)_ __  __ _ \ \ \ \
( ( )\___ | '_ | '_| | '_ \/ _` | \ \ \ \
 \\/  ___)| |_)| | | | | || (_| |  ) ) ) )
  '  |____| .__|_| |_|_| |_\__, | / / / /
 =========|_|==============|___/=/_/_/_/

[32m :: Spring Boot :: [39m              [2m (v3.4.2)[0;39m

[2m2025-02-10T23:17:03.429+01:00[0;39m [32m INFO[0;39m [35m8457[0;39m [2m--- [UniversitySchedule_backend] [  restartedMain] [0;39m[36ms.u.UniversityScheduleBackendApplication[0;39m [2m:[0;39m Starting UniversityScheduleBackendApplication using Java 21.0.6 with PID 8457 (/home/mahmoud/Engineering/ing1/projet-web-mobile/UniversitySchedule_backend/target/classes started by mahmoud in /home/mahmoud/Engineering/ing1/projet-web-mobile/UniversitySchedule_backend)
[2m2025-02-10T23:17:03.433+01:00[0;39m [32m INFO[0;39m [35m8457[0;39m [2m--- [UniversitySchedule_backend] [  restartedMain] [0;39m[36ms.u.UniversityScheduleBackendApplication[0;39m [2m:[0;39m No active profile set, falling back to 1 default profile: "default"
[2m2025-02-10T23:17:03.469+01:00[0;39m [32m INFO[0;39m [35m8457[0;39m [2m--- [UniversitySchedule_backend] [  restartedMain] [0;39m[36m.e.DevToolsPropertyDefaultsPostProcessor[0;39m [2m:[0;39m Devtools property defaults active! Set 'spring.devtools.add-properties' to 'false' to disable
[2m2025-02-10T23:17:03.470+01:00[0;39m [32m INFO[0;39m [35m8457[0;39m [2m--- [UniversitySchedule_backend] [  restartedMain] [0;39m[36m.e.DevToolsPropertyDefaultsPostProcessor[0;39m [2m:[0;39m For additional web related logging consider setting the 'logging.level.web' property to 'DEBUG'
[2m2025-02-10T23:17:03.965+01:00[0;39m [32m INFO[0;39m [35m8457[0;39m [2m--- [UniversitySchedule_backend] [  restartedMain] [0;39m[36m.s.d.r.c.RepositoryConfigurationDelegate[0;39m [2m:[0;39m Bootstrapping Spring Data JPA repositories in DEFAULT mode.
[2m2025-02-10T23:17:04.018+01:00[0;39m [32m INFO[0;39m [35m8457[0;39m [2m--- [UniversitySchedule_backend] [  restartedMain] [0;39m[36m.s.d.r.c.RepositoryConfigurationDelegate[0;39m [2m:[0;39m Finished Spring Data repository scanning in 47 ms. Found 14 JPA repository interfaces.
[2m2025-02-10T23:17:04.405+01:00[0;39m [32m INFO[0;39m [35m8457[0;39m [2m--- [UniversitySchedule_backend] [  restartedMain] [0;39m[36mo.s.b.w.embedded.tomcat.TomcatWebServer [0;39m [2m:[0;39m Tomcat initialized with port 8080 (http)
[2m2025-02-10T23:17:04.416+01:00[0;39m [32m INFO[0;39m [35m8457[0;39m [2m--- [UniversitySchedule_backend] [  restartedMain] [0;39m[36mo.apache.catalina.core.StandardService  [0;39m [2m:[0;39m Starting service [Tomcat]
[2m2025-02-10T23:17:04.416+01:00[0;39m [32m INFO[0;39m [35m8457[0;39m [2m--- [UniversitySchedule_backend] [  restartedMain] [0;39m[36mo.apache.catalina.core.StandardEngine   [0;39m [2m:[0;39m Starting Servlet engine: [Apache Tomcat/10.1.34]
[2m2025-02-10T23:17:04.442+01:00[0;39m [32m INFO[0;39m [35m8457[0;39m [2m--- [UniversitySchedule_backend] [  restartedMain] [0;39m[36mo.a.c.c.C.[Tomcat].[localhost].[/]      [0;39m [2m:[0;39m Initializing Spring embedded WebApplicationContext
[2m2025-02-10T23:17:04.442+01:00[0;39m [32m INFO[0;39m [35m8457[0;39m [2m--- [UniversitySchedule_backend] [  restartedMain] [0;39m[36mw.s.c.ServletWebServerApplicationContext[0;39m [2m:[0;39m Root WebApplicationContext: initialization completed in 972 ms
[2m2025-02-10T23:17:04.534+01:00[0;39m [32m INFO[0;39m [35m8457[0;39m [2m--- [UniversitySchedule_backend] [  restartedMain] [0;39m[36mo.hibernate.jpa.internal.util.LogHelper [0;39m [2m:[0;39m HHH000204: Processing PersistenceUnitInfo [name: default]
[2m2025-02-10T23:17:04.577+01:00[0;39m [32m INFO[0;39m [35m8457[0;39m [2m--- [UniversitySchedule_backend] [  restartedMain] [0;39m[36morg.hibernate.Version                   [0;39m [2m:[0;39m HHH000412: Hibernate ORM core version 6.6.5.Final
[2m2025-02-10T23:17:04.603+01:00[0;39m [32m INFO[0;39m [35m8457[0;39m [2m--- [UniversitySchedule_backend] [  restartedMain] [0;39m[36mo.h.c.internal.RegionFactoryInitiator   [0;39m [2m:[0;39m HHH000026: Second-level cache disabled
[2m2025-02-10T23:17:04.769+01:00[0;39m [32m INFO[0;39m [35m8457[0;39m [2m--- [UniversitySchedule_backend] [  restartedMain] [0;39m[36mo.s.o.j.p.SpringPersistenceUnitInfo     [0;39m [2m:[0;39m No LoadTimeWeaver setup: ignoring JPA class transformer
[2m2025-02-10T23:17:04.785+01:00[0;39m [32m INFO[0;39m [35m8457[0;39m [2m--- [UniversitySchedule_backend] [  restartedMain] [0;39m[36mcom.zaxxer.hikari.HikariDataSource      [0;39m [2m:[0;39m HikariPool-1 - Starting...
[2m2025-02-10T23:17:05.009+01:00[0;39m [32m INFO[0;39m [35m8457[0;39m [2m--- [UniversitySchedule_backend] [  restartedMain] [0;39m[36mcom.zaxxer.hikari.pool.HikariPool       [0;39m [2m:[0;39m HikariPool-1 - Added connection com.mysql.cj.jdbc.ConnectionImpl@1a9f16a0
[2m2025-02-10T23:17:05.010+01:00[0;39m [32m INFO[0;39m [35m8457[0;39m [2m--- [UniversitySchedule_backend] [  restartedMain] [0;39m[36mcom.zaxxer.hikari.HikariDataSource      [0;39m [2m:[0;39m HikariPool-1 - Start completed.
[2m2025-02-10T23:17:05.045+01:00[0;39m [33m WARN[0;39m [35m8457[0;39m [2m--- [UniversitySchedule_backend] [  restartedMain] [0;39m[36morg.hibernate.orm.deprecation           [0;39m [2m:[0;39m HHH90000025: MySQL8Dialect does not need to be specified explicitly using 'hibernate.dialect' (remove the property setting and it will be selected by default)
[2m2025-02-10T23:17:05.046+01:00[0;39m [33m WARN[0;39m [35m8457[0;39m [2m--- [UniversitySchedule_backend] [  restartedMain] [0;39m[36morg.hibernate.orm.deprecation           [0;39m [2m:[0;39m HHH90000026: MySQL8Dialect has been deprecated; use org.hibernate.dialect.MySQLDialect instead
[2m2025-02-10T23:17:05.055+01:00[0;39m [32m INFO[0;39m [35m8457[0;39m [2m--- [UniversitySchedule_backend] [  restartedMain] [0;39m[36morg.hibernate.orm.connections.pooling   [0;39m [2m:[0;39m HHH10001005: Database info:
	Database JDBC URL [Connecting through datasource 'HikariDataSource (HikariPool-1)']
	Database driver: undefined/unknown
	Database version: 8.0
	Autocommit mode: undefined/unknown
	Isolation level: undefined/unknown
	Minimum pool size: undefined/unknown
	Maximum pool size: undefined/unknown
[2m2025-02-10T23:17:05.782+01:00[0;39m [32m INFO[0;39m [35m8457[0;39m [2m--- [UniversitySchedule_backend] [  restartedMain] [0;39m[36mo.h.e.t.j.p.i.JtaPlatformInitiator      [0;39m [2m:[0;39m HHH000489: No JTA platform available (set 'hibernate.transaction.jta.platform' to enable JTA platform integration)
[2m2025-02-10T23:17:05.826+01:00[0;39m [32mDEBUG[0;39m [35m8457[0;39m [2m--- [UniversitySchedule_backend] [  restartedMain] [0;39m[36morg.hibernate.SQL                       [0;39m [2m:[0;39m create table notifications (id bigint not null auto_increment, date datetime(6), message varchar(255), read bit, type varchar(255), expediteur_id bigint, recepteur_id bigint, primary key (id)) engine=InnoDB
Hibernate: create table notifications (id bigint not null auto_increment, date datetime(6), message varchar(255), read bit, type varchar(255), expediteur_id bigint, recepteur_id bigint, primary key (id)) engine=InnoDB
[2m2025-02-10T23:17:05.998+01:00[0;39m [33m WARN[0;39m [35m8457[0;39m [2m--- [UniversitySchedule_backend] [  restartedMain] [0;39m[36mo.h.t.s.i.ExceptionHandlerLoggedImpl    [0;39m [2m:[0;39m GenerationTarget encountered exception accepting command : Error executing DDL "create table notifications (id bigint not null auto_increment, date datetime(6), message varchar(255), read bit, type varchar(255), expediteur_id bigint, recepteur_id bigint, primary key (id)) engine=InnoDB" via JDBC [You have an error in your SQL syntax; check the manual that corresponds to your MySQL server version for the right syntax to use near 'read bit, type varchar(255), expediteur_id bigint, recepteur_id bigint, primary ' at line 1]

org.hibernate.tool.schema.spi.CommandAcceptanceException: Error executing DDL "create table notifications (id bigint not null auto_increment, date datetime(6), message varchar(255), read bit, type varchar(255), expediteur_id bigint, recepteur_id bigint, primary key (id)) engine=InnoDB" via JDBC [You have an error in your SQL syntax; check the manual that corresponds to your MySQL server version for the right syntax to use near 'read bit, type varchar(255), expediteur_id bigint, recepteur_id bigint, primary ' at line 1]
	at org.hibernate.tool.schema.internal.exec.GenerationTargetToDatabase.accept(GenerationTargetToDatabase.java:94) ~[hibernate-core-6.6.5.Final.jar:6.6.5.Final]
	at org.hibernate.tool.schema.internal.AbstractSchemaMigrator.applySqlString(AbstractSchemaMigrator.java:576) ~[hibernate-core-6.6.5.Final.jar:6.6.5.Final]
	at org.hibernate.tool.schema.internal.AbstractSchemaMigrator.applySqlStrings(AbstractSchemaMigrator.java:516) ~[hibernate-core-6.6.5.Final.jar:6.6.5.Final]
	at org.hibernate.tool.schema.internal.AbstractSchemaMigrator.createTable(AbstractSchemaMigrator.java:316) ~[hibernate-core-6.6.5.Final.jar:6.6.5.Final]
	at org.hibernate.tool.schema.internal.GroupedSchemaMigratorImpl.performTablesMigration(GroupedSchemaMigratorImpl.java:80) ~[hibernate-core-6.6.5.Final.jar:6.6.5.Final]
	at org.hibernate.tool.schema.internal.AbstractSchemaMigrator.performMigration(AbstractSchemaMigrator.java:233) ~[hibernate-core-6.6.5.Final.jar:6.6.5.Final]
	at org.hibernate.tool.schema.internal.AbstractSchemaMigrator.doMigration(AbstractSchemaMigrator.java:112) ~[hibernate-core-6.6.5.Final.jar:6.6.5.Final]
	at org.hibernate.tool.schema.spi.SchemaManagementToolCoordinator.performDatabaseAction(SchemaManagementToolCoordinator.java:280) ~[hibernate-core-6.6.5.Final.jar:6.6.5.Final]
	at org.hibernate.tool.schema.spi.SchemaManagementToolCoordinator.lambda$process$5(SchemaManagementToolCoordinator.java:144) ~[hibernate-core-6.6.5.Final.jar:6.6.5.Final]
	at java.base/java.util.HashMap.forEach(HashMap.java:1429) ~[na:na]
	at org.hibernate.tool.schema.spi.SchemaManagementToolCoordinator.process(SchemaManagementToolCoordinator.java:141) ~[hibernate-core-6.6.5.Final.jar:6.6.5.Final]
	at org.hibernate.boot.internal.SessionFactoryObserverForSchemaExport.sessionFactoryCreated(SessionFactoryObserverForSchemaExport.java:37) ~[hibernate-core-6.6.5.Final.jar:6.6.5.Final]
	at org.hibernate.internal.SessionFactoryObserverChain.sessionFactoryCreated(SessionFactoryObserverChain.java:35) ~[hibernate-core-6.6.5.Final.jar:6.6.5.Final]
	at org.hibernate.internal.SessionFactoryImpl.<init>(SessionFactoryImpl.java:324) ~[hibernate-core-6.6.5.Final.jar:6.6.5.Final]
	at org.hibernate.boot.internal.SessionFactoryBuilderImpl.build(SessionFactoryBuilderImpl.java:463) ~[hibernate-core-6.6.5.Final.jar:6.6.5.Final]
	at org.hibernate.jpa.boot.internal.EntityManagerFactoryBuilderImpl.build(EntityManagerFactoryBuilderImpl.java:1506) ~[hibernate-core-6.6.5.Final.jar:6.6.5.Final]
	at org.springframework.orm.jpa.vendor.SpringHibernateJpaPersistenceProvider.createContainerEntityManagerFactory(SpringHibernateJpaPersistenceProvider.java:66) ~[spring-orm-6.2.2.jar:6.2.2]
	at org.springframework.orm.jpa.LocalContainerEntityManagerFactoryBean.createNativeEntityManagerFactory(LocalContainerEntityManagerFactoryBean.java:390) ~[spring-orm-6.2.2.jar:6.2.2]
	at org.springframework.orm.jpa.AbstractEntityManagerFactoryBean.buildNativeEntityManagerFactory(AbstractEntityManagerFactoryBean.java:419) ~[spring-orm-6.2.2.jar:6.2.2]
	at org.springframework.orm.jpa.AbstractEntityManagerFactoryBean.afterPropertiesSet(AbstractEntityManagerFactoryBean.java:400) ~[spring-orm-6.2.2.jar:6.2.2]
	at org.springframework.orm.jpa.LocalContainerEntityManagerFactoryBean.afterPropertiesSet(LocalContainerEntityManagerFactoryBean.java:366) ~[spring-orm-6.2.2.jar:6.2.2]
	at org.springframework.beans.factory.support.AbstractAutowireCapableBeanFactory.invokeInitMethods(AbstractAutowireCapableBeanFactory.java:1859) ~[spring-beans-6.2.2.jar:6.2.2]
	at org.springframework.beans.factory.support.AbstractAutowireCapableBeanFactory.initializeBean(AbstractAutowireCapableBeanFactory.java:1808) ~[spring-beans-6.2.2.jar:6.2.2]
	at org.springframework.beans.factory.support.AbstractAutowireCapableBeanFactory.doCreateBean(AbstractAutowireCapableBeanFactory.java:601) ~[spring-beans-6.2.2.jar:6.2.2]
	at org.springframework.beans.factory.support.AbstractAutowireCapableBeanFactory.createBean(AbstractAutowireCapableBeanFactory.java:523) ~[spring-beans-6.2.2.jar:6.2.2]
	at org.springframework.beans.factory.support.AbstractBeanFactory.lambda$doGetBean$0(AbstractBeanFactory.java:336) ~[spring-beans-6.2.2.jar:6.2.2]
	at org.springframework.beans.factory.support.DefaultSingletonBeanRegistry.getSingleton(DefaultSingletonBeanRegistry.java:307) ~[spring-beans-6.2.2.jar:6.2.2]
	at org.springframework.beans.factory.support.AbstractBeanFactory.doGetBean(AbstractBeanFactory.java:334) ~[spring-beans-6.2.2.jar:6.2.2]
	at org.springframework.beans.factory.support.AbstractBeanFactory.getBean(AbstractBeanFactory.java:204) ~[spring-beans-6.2.2.jar:6.2.2]
	at org.springframework.context.support.AbstractApplicationContext.finishBeanFactoryInitialization(AbstractApplicationContext.java:970) ~[spring-context-6.2.2.jar:6.2.2]
	at org.springframework.context.support.AbstractApplicationContext.refresh(AbstractApplicationContext.java:627) ~[spring-context-6.2.2.jar:6.2.2]
	at org.springframework.boot.web.servlet.context.ServletWebServerApplicationContext.refresh(ServletWebServerApplicationContext.java:146) ~[spring-boot-3.4.2.jar:3.4.2]
	at org.springframework.boot.SpringApplication.refresh(SpringApplication.java:752) ~[spring-boot-3.4.2.jar:3.4.2]
	at org.springframework.boot.SpringApplication.refreshContext(SpringApplication.java:439) ~[spring-boot-3.4.2.jar:3.4.2]
	at org.springframework.boot.SpringApplication.run(SpringApplication.java:318) ~[spring-boot-3.4.2.jar:3.4.2]
	at org.springframework.boot.SpringApplication.run(SpringApplication.java:1361) ~[spring-boot-3.4.2.jar:3.4.2]
	at org.springframework.boot.SpringApplication.run(SpringApplication.java:1350) ~[spring-boot-3.4.2.jar:3.4.2]
	at com.scheduling.universityschedule_backend.UniversityScheduleBackendApplication.main(UniversityScheduleBackendApplication.java:63) ~[classes/:na]
	at java.base/jdk.internal.reflect.DirectMethodHandleAccessor.invoke(DirectMethodHandleAccessor.java:103) ~[na:na]
	at java.base/java.lang.reflect.Method.invoke(Method.java:580) ~[na:na]
	at org.springframework.boot.devtools.restart.RestartLauncher.run(RestartLauncher.java:50) ~[spring-boot-devtools-3.4.2.jar:3.4.2]
Caused by: java.sql.SQLSyntaxErrorException: You have an error in your SQL syntax; check the manual that corresponds to your MySQL server version for the right syntax to use near 'read bit, type varchar(255), expediteur_id bigint, recepteur_id bigint, primary ' at line 1
	at com.mysql.cj.jdbc.exceptions.SQLError.createSQLException(SQLError.java:112) ~[mysql-connector-j-9.1.0.jar:9.1.0]
	at com.mysql.cj.jdbc.exceptions.SQLExceptionsMapping.translateException(SQLExceptionsMapping.java:114) ~[mysql-connector-j-9.1.0.jar:9.1.0]
	at com.mysql.cj.jdbc.StatementImpl.executeInternal(StatementImpl.java:837) ~[mysql-connector-j-9.1.0.jar:9.1.0]
	at com.mysql.cj.jdbc.StatementImpl.execute(StatementImpl.java:685) ~[mysql-connector-j-9.1.0.jar:9.1.0]
	at com.zaxxer.hikari.pool.ProxyStatement.execute(ProxyStatement.java:94) ~[HikariCP-5.1.0.jar:na]
	at com.zaxxer.hikari.pool.HikariProxyStatement.execute(HikariProxyStatement.java) ~[HikariCP-5.1.0.jar:na]
	at org.hibernate.tool.schema.internal.exec.GenerationTargetToDatabase.accept(GenerationTargetToDatabase.java:80) ~[hibernate-core-6.6.5.Final.jar:6.6.5.Final]
	... 40 common frames omitted

[2m2025-02-10T23:17:06.035+01:00[0;39m [32mDEBUG[0;39m [35m8457[0;39m [2m--- [UniversitySchedule_backend] [  restartedMain] [0;39m[36morg.hibernate.SQL                       [0;39m [2m:[0;39m alter table notifications add constraint FKney2jdvfwfjw6cc2e5lmknrh0 foreign key (expediteur_id) references personne (id)
Hibernate: alter table notifications add constraint FKney2jdvfwfjw6cc2e5lmknrh0 foreign key (expediteur_id) references personne (id)
[2m2025-02-10T23:17:06.037+01:00[0;39m [33m WARN[0;39m [35m8457[0;39m [2m--- [UniversitySchedule_backend] [  restartedMain] [0;39m[36mo.h.t.s.i.ExceptionHandlerLoggedImpl    [0;39m [2m:[0;39m GenerationTarget encountered exception accepting command : Error executing DDL "alter table notifications add constraint FKney2jdvfwfjw6cc2e5lmknrh0 foreign key (expediteur_id) references personne (id)" via JDBC [Table 'university_scheduling.notifications' doesn't exist]

org.hibernate.tool.schema.spi.CommandAcceptanceException: Error executing DDL "alter table notifications add constraint FKney2jdvfwfjw6cc2e5lmknrh0 foreign key (expediteur_id) references personne (id)" via JDBC [Table 'university_scheduling.notifications' doesn't exist]
	at org.hibernate.tool.schema.internal.exec.GenerationTargetToDatabase.accept(GenerationTargetToDatabase.java:94) ~[hibernate-core-6.6.5.Final.jar:6.6.5.Final]
	at org.hibernate.tool.schema.internal.AbstractSchemaMigrator.applySqlString(AbstractSchemaMigrator.java:576) ~[hibernate-core-6.6.5.Final.jar:6.6.5.Final]
	at org.hibernate.tool.schema.internal.AbstractSchemaMigrator.applySqlStrings(AbstractSchemaMigrator.java:516) ~[hibernate-core-6.6.5.Final.jar:6.6.5.Final]
	at org.hibernate.tool.schema.internal.AbstractSchemaMigrator.applyForeignKeys(AbstractSchemaMigrator.java:448) ~[hibernate-core-6.6.5.Final.jar:6.6.5.Final]
	at org.hibernate.tool.schema.internal.AbstractSchemaMigrator.performMigration(AbstractSchemaMigrator.java:269) ~[hibernate-core-6.6.5.Final.jar:6.6.5.Final]
	at org.hibernate.tool.schema.internal.AbstractSchemaMigrator.doMigration(AbstractSchemaMigrator.java:112) ~[hibernate-core-6.6.5.Final.jar:6.6.5.Final]
	at org.hibernate.tool.schema.spi.SchemaManagementToolCoordinator.performDatabaseAction(SchemaManagementToolCoordinator.java:280) ~[hibernate-core-6.6.5.Final.jar:6.6.5.Final]
	at org.hibernate.tool.schema.spi.SchemaManagementToolCoordinator.lambda$process$5(SchemaManagementToolCoordinator.java:144) ~[hibernate-core-6.6.5.Final.jar:6.6.5.Final]
	at java.base/java.util.HashMap.forEach(HashMap.java:1429) ~[na:na]
	at org.hibernate.tool.schema.spi.SchemaManagementToolCoordinator.process(SchemaManagementToolCoordinator.java:141) ~[hibernate-core-6.6.5.Final.jar:6.6.5.Final]
	at org.hibernate.boot.internal.SessionFactoryObserverForSchemaExport.sessionFactoryCreated(SessionFactoryObserverForSchemaExport.java:37) ~[hibernate-core-6.6.5.Final.jar:6.6.5.Final]
	at org.hibernate.internal.SessionFactoryObserverChain.sessionFactoryCreated(SessionFactoryObserverChain.java:35) ~[hibernate-core-6.6.5.Final.jar:6.6.5.Final]
	at org.hibernate.internal.SessionFactoryImpl.<init>(SessionFactoryImpl.java:324) ~[hibernate-core-6.6.5.Final.jar:6.6.5.Final]
	at org.hibernate.boot.internal.SessionFactoryBuilderImpl.build(SessionFactoryBuilderImpl.java:463) ~[hibernate-core-6.6.5.Final.jar:6.6.5.Final]
	at org.hibernate.jpa.boot.internal.EntityManagerFactoryBuilderImpl.build(EntityManagerFactoryBuilderImpl.java:1506) ~[hibernate-core-6.6.5.Final.jar:6.6.5.Final]
	at org.springframework.orm.jpa.vendor.SpringHibernateJpaPersistenceProvider.createContainerEntityManagerFactory(SpringHibernateJpaPersistenceProvider.java:66) ~[spring-orm-6.2.2.jar:6.2.2]
	at org.springframework.orm.jpa.LocalContainerEntityManagerFactoryBean.createNativeEntityManagerFactory(LocalContainerEntityManagerFactoryBean.java:390) ~[spring-orm-6.2.2.jar:6.2.2]
	at org.springframework.orm.jpa.AbstractEntityManagerFactoryBean.buildNativeEntityManagerFactory(AbstractEntityManagerFactoryBean.java:419) ~[spring-orm-6.2.2.jar:6.2.2]
	at org.springframework.orm.jpa.AbstractEntityManagerFactoryBean.afterPropertiesSet(AbstractEntityManagerFactoryBean.java:400) ~[spring-orm-6.2.2.jar:6.2.2]
	at org.springframework.orm.jpa.LocalContainerEntityManagerFactoryBean.afterPropertiesSet(LocalContainerEntityManagerFactoryBean.java:366) ~[spring-orm-6.2.2.jar:6.2.2]
	at org.springframework.beans.factory.support.AbstractAutowireCapableBeanFactory.invokeInitMethods(AbstractAutowireCapableBeanFactory.java:1859) ~[spring-beans-6.2.2.jar:6.2.2]
	at org.springframework.beans.factory.support.AbstractAutowireCapableBeanFactory.initializeBean(AbstractAutowireCapableBeanFactory.java:1808) ~[spring-beans-6.2.2.jar:6.2.2]
	at org.springframework.beans.factory.support.AbstractAutowireCapableBeanFactory.doCreateBean(AbstractAutowireCapableBeanFactory.java:601) ~[spring-beans-6.2.2.jar:6.2.2]
	at org.springframework.beans.factory.support.AbstractAutowireCapableBeanFactory.createBean(AbstractAutowireCapableBeanFactory.java:523) ~[spring-beans-6.2.2.jar:6.2.2]
	at org.springframework.beans.factory.support.AbstractBeanFactory.lambda$doGetBean$0(AbstractBeanFactory.java:336) ~[spring-beans-6.2.2.jar:6.2.2]
	at org.springframework.beans.factory.support.DefaultSingletonBeanRegistry.getSingleton(DefaultSingletonBeanRegistry.java:307) ~[spring-beans-6.2.2.jar:6.2.2]
	at org.springframework.beans.factory.support.AbstractBeanFactory.doGetBean(AbstractBeanFactory.java:334) ~[spring-beans-6.2.2.jar:6.2.2]
	at org.springframework.beans.factory.support.AbstractBeanFactory.getBean(AbstractBeanFactory.java:204) ~[spring-beans-6.2.2.jar:6.2.2]
	at org.springframework.context.support.AbstractApplicationContext.finishBeanFactoryInitialization(AbstractApplicationContext.java:970) ~[spring-context-6.2.2.jar:6.2.2]
	at org.springframework.context.support.AbstractApplicationContext.refresh(AbstractApplicationContext.java:627) ~[spring-context-6.2.2.jar:6.2.2]
	at org.springframework.boot.web.servlet.context.ServletWebServerApplicationContext.refresh(ServletWebServerApplicationContext.java:146) ~[spring-boot-3.4.2.jar:3.4.2]
	at org.springframework.boot.SpringApplication.refresh(SpringApplication.java:752) ~[spring-boot-3.4.2.jar:3.4.2]
	at org.springframework.boot.SpringApplication.refreshContext(SpringApplication.java:439) ~[spring-boot-3.4.2.jar:3.4.2]
	at org.springframework.boot.SpringApplication.run(SpringApplication.java:318) ~[spring-boot-3.4.2.jar:3.4.2]
	at org.springframework.boot.SpringApplication.run(SpringApplication.java:1361) ~[spring-boot-3.4.2.jar:3.4.2]
	at org.springframework.boot.SpringApplication.run(SpringApplication.java:1350) ~[spring-boot-3.4.2.jar:3.4.2]
	at com.scheduling.universityschedule_backend.UniversityScheduleBackendApplication.main(UniversityScheduleBackendApplication.java:63) ~[classes/:na]
	at java.base/jdk.internal.reflect.DirectMethodHandleAccessor.invoke(DirectMethodHandleAccessor.java:103) ~[na:na]
	at java.base/java.lang.reflect.Method.invoke(Method.java:580) ~[na:na]
	at org.springframework.boot.devtools.restart.RestartLauncher.run(RestartLauncher.java:50) ~[spring-boot-devtools-3.4.2.jar:3.4.2]
Caused by: java.sql.SQLSyntaxErrorException: Table 'university_scheduling.notifications' doesn't exist
	at com.mysql.cj.jdbc.exceptions.SQLError.createSQLException(SQLError.java:112) ~[mysql-connector-j-9.1.0.jar:9.1.0]
	at com.mysql.cj.jdbc.exceptions.SQLExceptionsMapping.translateException(SQLExceptionsMapping.java:114) ~[mysql-connector-j-9.1.0.jar:9.1.0]
	at com.mysql.cj.jdbc.StatementImpl.executeInternal(StatementImpl.java:837) ~[mysql-connector-j-9.1.0.jar:9.1.0]
	at com.mysql.cj.jdbc.StatementImpl.execute(StatementImpl.java:685) ~[mysql-connector-j-9.1.0.jar:9.1.0]
	at com.zaxxer.hikari.pool.ProxyStatement.execute(ProxyStatement.java:94) ~[HikariCP-5.1.0.jar:na]
	at com.zaxxer.hikari.pool.HikariProxyStatement.execute(HikariProxyStatement.java) ~[HikariCP-5.1.0.jar:na]
	at org.hibernate.tool.schema.internal.exec.GenerationTargetToDatabase.accept(GenerationTargetToDatabase.java:80) ~[hibernate-core-6.6.5.Final.jar:6.6.5.Final]
	... 39 common frames omitted

[2m2025-02-10T23:17:06.038+01:00[0;39m [32mDEBUG[0;39m [35m8457[0;39m [2m--- [UniversitySchedule_backend] [  restartedMain] [0;39m[36morg.hibernate.SQL                       [0;39m [2m:[0;39m alter table notifications add constraint FKl8huq985f66cuxnb68irenibf foreign key (recepteur_id) references personne (id)
Hibernate: alter table notifications add constraint FKl8huq985f66cuxnb68irenibf foreign key (recepteur_id) references personne (id)
[2m2025-02-10T23:17:06.039+01:00[0;39m [33m WARN[0;39m [35m8457[0;39m [2m--- [UniversitySchedule_backend] [  restartedMain] [0;39m[36mo.h.t.s.i.ExceptionHandlerLoggedImpl    [0;39m [2m:[0;39m GenerationTarget encountered exception accepting command : Error executing DDL "alter table notifications add constraint FKl8huq985f66cuxnb68irenibf foreign key (recepteur_id) references personne (id)" via JDBC [Table 'university_scheduling.notifications' doesn't exist]

org.hibernate.tool.schema.spi.CommandAcceptanceException: Error executing DDL "alter table notifications add constraint FKl8huq985f66cuxnb68irenibf foreign key (recepteur_id) references personne (id)" via JDBC [Table 'university_scheduling.notifications' doesn't exist]
	at org.hibernate.tool.schema.internal.exec.GenerationTargetToDatabase.accept(GenerationTargetToDatabase.java:94) ~[hibernate-core-6.6.5.Final.jar:6.6.5.Final]
	at org.hibernate.tool.schema.internal.AbstractSchemaMigrator.applySqlString(AbstractSchemaMigrator.java:576) ~[hibernate-core-6.6.5.Final.jar:6.6.5.Final]
	at org.hibernate.tool.schema.internal.AbstractSchemaMigrator.applySqlStrings(AbstractSchemaMigrator.java:516) ~[hibernate-core-6.6.5.Final.jar:6.6.5.Final]
	at org.hibernate.tool.schema.internal.AbstractSchemaMigrator.applyForeignKeys(AbstractSchemaMigrator.java:448) ~[hibernate-core-6.6.5.Final.jar:6.6.5.Final]
	at org.hibernate.tool.schema.internal.AbstractSchemaMigrator.performMigration(AbstractSchemaMigrator.java:269) ~[hibernate-core-6.6.5.Final.jar:6.6.5.Final]
	at org.hibernate.tool.schema.internal.AbstractSchemaMigrator.doMigration(AbstractSchemaMigrator.java:112) ~[hibernate-core-6.6.5.Final.jar:6.6.5.Final]
	at org.hibernate.tool.schema.spi.SchemaManagementToolCoordinator.performDatabaseAction(SchemaManagementToolCoordinator.java:280) ~[hibernate-core-6.6.5.Final.jar:6.6.5.Final]
	at org.hibernate.tool.schema.spi.SchemaManagementToolCoordinator.lambda$process$5(SchemaManagementToolCoordinator.java:144) ~[hibernate-core-6.6.5.Final.jar:6.6.5.Final]
	at java.base/java.util.HashMap.forEach(HashMap.java:1429) ~[na:na]
	at org.hibernate.tool.schema.spi.SchemaManagementToolCoordinator.process(SchemaManagementToolCoordinator.java:141) ~[hibernate-core-6.6.5.Final.jar:6.6.5.Final]
	at org.hibernate.boot.internal.SessionFactoryObserverForSchemaExport.sessionFactoryCreated(SessionFactoryObserverForSchemaExport.java:37) ~[hibernate-core-6.6.5.Final.jar:6.6.5.Final]
	at org.hibernate.internal.SessionFactoryObserverChain.sessionFactoryCreated(SessionFactoryObserverChain.java:35) ~[hibernate-core-6.6.5.Final.jar:6.6.5.Final]
	at org.hibernate.internal.SessionFactoryImpl.<init>(SessionFactoryImpl.java:324) ~[hibernate-core-6.6.5.Final.jar:6.6.5.Final]
	at org.hibernate.boot.internal.SessionFactoryBuilderImpl.build(SessionFactoryBuilderImpl.java:463) ~[hibernate-core-6.6.5.Final.jar:6.6.5.Final]
	at org.hibernate.jpa.boot.internal.EntityManagerFactoryBuilderImpl.build(EntityManagerFactoryBuilderImpl.java:1506) ~[hibernate-core-6.6.5.Final.jar:6.6.5.Final]
	at org.springframework.orm.jpa.vendor.SpringHibernateJpaPersistenceProvider.createContainerEntityManagerFactory(SpringHibernateJpaPersistenceProvider.java:66) ~[spring-orm-6.2.2.jar:6.2.2]
	at org.springframework.orm.jpa.LocalContainerEntityManagerFactoryBean.createNativeEntityManagerFactory(LocalContainerEntityManagerFactoryBean.java:390) ~[spring-orm-6.2.2.jar:6.2.2]
	at org.springframework.orm.jpa.AbstractEntityManagerFactoryBean.buildNativeEntityManagerFactory(AbstractEntityManagerFactoryBean.java:419) ~[spring-orm-6.2.2.jar:6.2.2]
	at org.springframework.orm.jpa.AbstractEntityManagerFactoryBean.afterPropertiesSet(AbstractEntityManagerFactoryBean.java:400) ~[spring-orm-6.2.2.jar:6.2.2]
	at org.springframework.orm.jpa.LocalContainerEntityManagerFactoryBean.afterPropertiesSet(LocalContainerEntityManagerFactoryBean.java:366) ~[spring-orm-6.2.2.jar:6.2.2]
	at org.springframework.beans.factory.support.AbstractAutowireCapableBeanFactory.invokeInitMethods(AbstractAutowireCapableBeanFactory.java:1859) ~[spring-beans-6.2.2.jar:6.2.2]
	at org.springframework.beans.factory.support.AbstractAutowireCapableBeanFactory.initializeBean(AbstractAutowireCapableBeanFactory.java:1808) ~[spring-beans-6.2.2.jar:6.2.2]
	at org.springframework.beans.factory.support.AbstractAutowireCapableBeanFactory.doCreateBean(AbstractAutowireCapableBeanFactory.java:601) ~[spring-beans-6.2.2.jar:6.2.2]
	at org.springframework.beans.factory.support.AbstractAutowireCapableBeanFactory.createBean(AbstractAutowireCapableBeanFactory.java:523) ~[spring-beans-6.2.2.jar:6.2.2]
	at org.springframework.beans.factory.support.AbstractBeanFactory.lambda$doGetBean$0(AbstractBeanFactory.java:336) ~[spring-beans-6.2.2.jar:6.2.2]
	at org.springframework.beans.factory.support.DefaultSingletonBeanRegistry.getSingleton(DefaultSingletonBeanRegistry.java:307) ~[spring-beans-6.2.2.jar:6.2.2]
	at org.springframework.beans.factory.support.AbstractBeanFactory.doGetBean(AbstractBeanFactory.java:334) ~[spring-beans-6.2.2.jar:6.2.2]
	at org.springframework.beans.factory.support.AbstractBeanFactory.getBean(AbstractBeanFactory.java:204) ~[spring-beans-6.2.2.jar:6.2.2]
	at org.springframework.context.support.AbstractApplicationContext.finishBeanFactoryInitialization(AbstractApplicationContext.java:970) ~[spring-context-6.2.2.jar:6.2.2]
	at org.springframework.context.support.AbstractApplicationContext.refresh(AbstractApplicationContext.java:627) ~[spring-context-6.2.2.jar:6.2.2]
	at org.springframework.boot.web.servlet.context.ServletWebServerApplicationContext.refresh(ServletWebServerApplicationContext.java:146) ~[spring-boot-3.4.2.jar:3.4.2]
	at org.springframework.boot.SpringApplication.refresh(SpringApplication.java:752) ~[spring-boot-3.4.2.jar:3.4.2]
	at org.springframework.boot.SpringApplication.refreshContext(SpringApplication.java:439) ~[spring-boot-3.4.2.jar:3.4.2]
	at org.springframework.boot.SpringApplication.run(SpringApplication.java:318) ~[spring-boot-3.4.2.jar:3.4.2]
	at org.springframework.boot.SpringApplication.run(SpringApplication.java:1361) ~[spring-boot-3.4.2.jar:3.4.2]
	at org.springframework.boot.SpringApplication.run(SpringApplication.java:1350) ~[spring-boot-3.4.2.jar:3.4.2]
	at com.scheduling.universityschedule_backend.UniversityScheduleBackendApplication.main(UniversityScheduleBackendApplication.java:63) ~[classes/:na]
	at java.base/jdk.internal.reflect.DirectMethodHandleAccessor.invoke(DirectMethodHandleAccessor.java:103) ~[na:na]
	at java.base/java.lang.reflect.Method.invoke(Method.java:580) ~[na:na]
	at org.springframework.boot.devtools.restart.RestartLauncher.run(RestartLauncher.java:50) ~[spring-boot-devtools-3.4.2.jar:3.4.2]
Caused by: java.sql.SQLSyntaxErrorException: Table 'university_scheduling.notifications' doesn't exist
	at com.mysql.cj.jdbc.exceptions.SQLError.createSQLException(SQLError.java:112) ~[mysql-connector-j-9.1.0.jar:9.1.0]
	at com.mysql.cj.jdbc.exceptions.SQLExceptionsMapping.translateException(SQLExceptionsMapping.java:114) ~[mysql-connector-j-9.1.0.jar:9.1.0]
	at com.mysql.cj.jdbc.StatementImpl.executeInternal(StatementImpl.java:837) ~[mysql-connector-j-9.1.0.jar:9.1.0]
	at com.mysql.cj.jdbc.StatementImpl.execute(StatementImpl.java:685) ~[mysql-connector-j-9.1.0.jar:9.1.0]
	at com.zaxxer.hikari.pool.ProxyStatement.execute(ProxyStatement.java:94) ~[HikariCP-5.1.0.jar:na]
	at com.zaxxer.hikari.pool.HikariProxyStatement.execute(HikariProxyStatement.java) ~[HikariCP-5.1.0.jar:na]
	at org.hibernate.tool.schema.internal.exec.GenerationTargetToDatabase.accept(GenerationTargetToDatabase.java:80) ~[hibernate-core-6.6.5.Final.jar:6.6.5.Final]
	... 39 common frames omitted

[2m2025-02-10T23:17:06.071+01:00[0;39m [32m INFO[0;39m [35m8457[0;39m [2m--- [UniversitySchedule_backend] [  restartedMain] [0;39m[36mj.LocalContainerEntityManagerFactoryBean[0;39m [2m:[0;39m Initialized JPA EntityManagerFactory for persistence unit 'default'
[2m2025-02-10T23:17:06.267+01:00[0;39m [32m INFO[0;39m [35m8457[0;39m [2m--- [UniversitySchedule_backend] [  restartedMain] [0;39m[36mo.s.d.j.r.query.QueryEnhancerFactory    [0;39m [2m:[0;39m Hibernate is in classpath; If applicable, HQL parser will be used.
[2m2025-02-10T23:17:12.550+01:00[0;39m [33m WARN[0;39m [35m8457[0;39m [2m--- [UniversitySchedule_backend] [  restartedMain] [0;39m[36mJpaBaseConfiguration$JpaWebConfiguration[0;39m [2m:[0;39m spring.jpa.open-in-view is enabled by default. Therefore, database queries may be performed during view rendering. Explicitly configure spring.jpa.open-in-view to disable this warning
[2m2025-02-10T23:17:12.839+01:00[0;39m [33m WARN[0;39m [35m8457[0;39m [2m--- [UniversitySchedule_backend] [  restartedMain] [0;39m[36m.s.s.UserDetailsServiceAutoConfiguration[0;39m [2m:[0;39m 

Using generated security password: 252698f6-147a-4a52-8462-25819a7e36ac

This generated password is for development use only. Your security configuration must be updated before running your application in production.

[2m2025-02-10T23:17:12.852+01:00[0;39m [32m INFO[0;39m [35m8457[0;39m [2m--- [UniversitySchedule_backend] [  restartedMain] [0;39m[36mr$InitializeUserDetailsManagerConfigurer[0;39m [2m:[0;39m Global AuthenticationManager configured with UserDetailsService bean with name inMemoryUserDetailsManager
[2m2025-02-10T23:17:12.955+01:00[0;39m [32m INFO[0;39m [35m8457[0;39m [2m--- [UniversitySchedule_backend] [  restartedMain] [0;39m[36mo.s.b.d.a.OptionalLiveReloadServer      [0;39m [2m:[0;39m LiveReload server is running on port 35729
[2m2025-02-10T23:17:12.983+01:00[0;39m [32m INFO[0;39m [35m8457[0;39m [2m--- [UniversitySchedule_backend] [  restartedMain] [0;39m[36mo.s.b.w.embedded.tomcat.TomcatWebServer [0;39m [2m:[0;39m Tomcat started on port 8080 (http) with context path '/'
[2m2025-02-10T23:17:12.988+01:00[0;39m [32m INFO[0;39m [35m8457[0;39m [2m--- [UniversitySchedule_backend] [  restartedMain] [0;39m[36ms.u.UniversityScheduleBackendApplication[0;39m [2m:[0;39m Started UniversityScheduleBackendApplication in 9.939 seconds (process running for 10.636)
----- Testing Conflict-Related Functions -----
[2m2025-02-10T23:17:13.066+01:00[0;39m [32mDEBUG[0;39m [35m8457[0;39m [2m--- [UniversitySchedule_backend] [  restartedMain] [0;39m[36morg.hibernate.SQL                       [0;39m [2m:[0;39m select s1_0.id,s1_0.enseignant_id,s1_0.frequence,s1_0.heure_debut,s1_0.heure_fin,s1_0.jour,s1_0.matiere,s1_0.salle_id,s1_0.type,s2_0.id,s2_0.enseignant_id,s2_0.frequence,s2_0.heure_debut,s2_0.heure_fin,s2_0.jour,s2_0.matiere,s2_0.salle_id,s2_0.type from seances s1_0 join seances s2_0 on s1_0.jour=s2_0.jour and s1_0.id<s2_0.id where s1_0.heure_debut<s2_0.heure_fin and s1_0.heure_fin>s2_0.heure_debut and (s1_0.salle_id=s2_0.salle_id or s1_0.enseignant_id=s2_0.enseignant_id or exists(select 1 from seance_branche b1_0,seance_branche b2_0 where b1_0.branche_id=b2_0.branche_id and s1_0.id=b1_0.seance_id and s2_0.id=b2_0.seance_id) or exists(select 1 from seance_td t1_0,seance_td t2_0 where t1_0.td_id=t2_0.td_id and s1_0.id=t1_0.seance_id and s2_0.id=t2_0.seance_id) or exists(select 1 from seance_tp t3_0,seance_tp t4_0 where t3_0.tp_id=t4_0.tp_id and s1_0.id=t3_0.seance_id and s2_0.id=t4_0.seance_id)) and (not((((s1_0.frequence<>'' and s1_0.frequence<>'1/15' and s2_0.frequence='1/15') or (s1_0.frequence='1/15' and s2_0.frequence<>'' and s2_0.frequence<>'1/15')) and s1_0.salle_id=s2_0.salle_id and (exists(select 1 from seance_branche b3_0,seance_branche b4_0 where b3_0.branche_id=b4_0.branche_id and s1_0.id=b3_0.seance_id and s2_0.id=b4_0.seance_id) or exists(select 1 from seance_td t5_0,seance_td t6_0 where t5_0.td_id=t6_0.td_id and s1_0.id=t5_0.seance_id and s2_0.id=t6_0.seance_id) or exists(select 1 from seance_tp t7_0,seance_tp t8_0 where t7_0.tp_id=t8_0.tp_id and s1_0.id=t7_0.seance_id and s2_0.id=t8_0.seance_id)))))
Hibernate: select s1_0.id,s1_0.enseignant_id,s1_0.frequence,s1_0.heure_debut,s1_0.heure_fin,s1_0.jour,s1_0.matiere,s1_0.salle_id,s1_0.type,s2_0.id,s2_0.enseignant_id,s2_0.frequence,s2_0.heure_debut,s2_0.heure_fin,s2_0.jour,s2_0.matiere,s2_0.salle_id,s2_0.type from seances s1_0 join seances s2_0 on s1_0.jour=s2_0.jour and s1_0.id<s2_0.id where s1_0.heure_debut<s2_0.heure_fin and s1_0.heure_fin>s2_0.heure_debut and (s1_0.salle_id=s2_0.salle_id or s1_0.enseignant_id=s2_0.enseignant_id or exists(select 1 from seance_branche b1_0,seance_branche b2_0 where b1_0.branche_id=b2_0.branche_id and s1_0.id=b1_0.seance_id and s2_0.id=b2_0.seance_id) or exists(select 1 from seance_td t1_0,seance_td t2_0 where t1_0.td_id=t2_0.td_id and s1_0.id=t1_0.seance_id and s2_0.id=t2_0.seance_id) or exists(select 1 from seance_tp t3_0,seance_tp t4_0 where t3_0.tp_id=t4_0.tp_id and s1_0.id=t3_0.seance_id and s2_0.id=t4_0.seance_id)) and (not((((s1_0.frequence<>'' and s1_0.frequence<>'1/15' and s2_0.frequence='1/15') or (s1_0.frequence='1/15' and s2_0.frequence<>'' and s2_0.frequence<>'1/15')) and s1_0.salle_id=s2_0.salle_id and (exists(select 1 from seance_branche b3_0,seance_branche b4_0 where b3_0.branche_id=b4_0.branche_id and s1_0.id=b3_0.seance_id and s2_0.id=b4_0.seance_id) or exists(select 1 from seance_td t5_0,seance_td t6_0 where t5_0.td_id=t6_0.td_id and s1_0.id=t5_0.seance_id and s2_0.id=t6_0.seance_id) or exists(select 1 from seance_tp t7_0,seance_tp t8_0 where t7_0.tp_id=t8_0.tp_id and s1_0.id=t7_0.seance_id and s2_0.id=t8_0.seance_id)))))
[2m2025-02-10T23:17:13.117+01:00[0;39m [32mDEBUG[0;39m [35m8457[0;39m [2m--- [UniversitySchedule_backend] [  restartedMain] [0;39m[36morg.hibernate.SQL                       [0;39m [2m:[0;39m select e1_0.id,e1_1.adresse,e1_1.cin,e1_1.email,e1_1.nom,e1_1.prenom,e1_1.tel,e1_0.code_enseignant,e1_0.heures from enseignants e1_0 join personne e1_1 on e1_0.id=e1_1.id where e1_0.id=?
Hibernate: select e1_0.id,e1_1.adresse,e1_1.cin,e1_1.email,e1_1.nom,e1_1.prenom,e1_1.tel,e1_0.code_enseignant,e1_0.heures from enseignants e1_0 join personne e1_1 on e1_0.id=e1_1.id where e1_0.id=?
[2m2025-02-10T23:17:13.130+01:00[0;39m [32mDEBUG[0;39m [35m8457[0;39m [2m--- [UniversitySchedule_backend] [  restartedMain] [0;39m[36morg.hibernate.SQL                       [0;39m [2m:[0;39m select s1_0.id,s1_0.capacite,s1_0.identifiant,s1_0.type from salles s1_0 where s1_0.id=?
Hibernate: select s1_0.id,s1_0.capacite,s1_0.identifiant,s1_0.type from salles s1_0 where s1_0.id=?
[2m2025-02-10T23:17:13.132+01:00[0;39m [32mDEBUG[0;39m [35m8457[0;39m [2m--- [UniversitySchedule_backend] [  restartedMain] [0;39m[36morg.hibernate.SQL                       [0;39m [2m:[0;39m select e1_0.id,e1_1.adresse,e1_1.cin,e1_1.email,e1_1.nom,e1_1.prenom,e1_1.tel,e1_0.code_enseignant,e1_0.heures from enseignants e1_0 join personne e1_1 on e1_0.id=e1_1.id where e1_0.id=?
Hibernate: select e1_0.id,e1_1.adresse,e1_1.cin,e1_1.email,e1_1.nom,e1_1.prenom,e1_1.tel,e1_0.code_enseignant,e1_0.heures from enseignants e1_0 join personne e1_1 on e1_0.id=e1_1.id where e1_0.id=?
[2m2025-02-10T23:17:13.134+01:00[0;39m [32mDEBUG[0;39m [35m8457[0;39m [2m--- [UniversitySchedule_backend] [  restartedMain] [0;39m[36morg.hibernate.SQL                       [0;39m [2m:[0;39m select s1_0.id,s1_0.capacite,s1_0.identifiant,s1_0.type from salles s1_0 where s1_0.id=?
Hibernate: select s1_0.id,s1_0.capacite,s1_0.identifiant,s1_0.type from salles s1_0 where s1_0.id=?
[2m2025-02-10T23:17:13.135+01:00[0;39m [32mDEBUG[0;39m [35m8457[0;39m [2m--- [UniversitySchedule_backend] [  restartedMain] [0;39m[36morg.hibernate.SQL                       [0;39m [2m:[0;39m select e1_0.id,e1_1.adresse,e1_1.cin,e1_1.email,e1_1.nom,e1_1.prenom,e1_1.tel,e1_0.code_enseignant,e1_0.heures from enseignants e1_0 join personne e1_1 on e1_0.id=e1_1.id where e1_0.id=?
Hibernate: select e1_0.id,e1_1.adresse,e1_1.cin,e1_1.email,e1_1.nom,e1_1.prenom,e1_1.tel,e1_0.code_enseignant,e1_0.heures from enseignants e1_0 join personne e1_1 on e1_0.id=e1_1.id where e1_0.id=?
[2m2025-02-10T23:17:13.136+01:00[0;39m [32mDEBUG[0;39m [35m8457[0;39m [2m--- [UniversitySchedule_backend] [  restartedMain] [0;39m[36morg.hibernate.SQL                       [0;39m [2m:[0;39m select s1_0.id,s1_0.capacite,s1_0.identifiant,s1_0.type from salles s1_0 where s1_0.id=?
Hibernate: select s1_0.id,s1_0.capacite,s1_0.identifiant,s1_0.type from salles s1_0 where s1_0.id=?
[2m2025-02-10T23:17:13.137+01:00[0;39m [32mDEBUG[0;39m [35m8457[0;39m [2m--- [UniversitySchedule_backend] [  restartedMain] [0;39m[36morg.hibernate.SQL                       [0;39m [2m:[0;39m select e1_0.id,e1_1.adresse,e1_1.cin,e1_1.email,e1_1.nom,e1_1.prenom,e1_1.tel,e1_0.code_enseignant,e1_0.heures from enseignants e1_0 join personne e1_1 on e1_0.id=e1_1.id where e1_0.id=?
Hibernate: select e1_0.id,e1_1.adresse,e1_1.cin,e1_1.email,e1_1.nom,e1_1.prenom,e1_1.tel,e1_0.code_enseignant,e1_0.heures from enseignants e1_0 join personne e1_1 on e1_0.id=e1_1.id where e1_0.id=?
[2m2025-02-10T23:17:13.138+01:00[0;39m [32mDEBUG[0;39m [35m8457[0;39m [2m--- [UniversitySchedule_backend] [  restartedMain] [0;39m[36morg.hibernate.SQL                       [0;39m [2m:[0;39m select s1_0.id,s1_0.capacite,s1_0.identifiant,s1_0.type from salles s1_0 where s1_0.id=?
Hibernate: select s1_0.id,s1_0.capacite,s1_0.identifiant,s1_0.type from salles s1_0 where s1_0.id=?
[2m2025-02-10T23:17:13.139+01:00[0;39m [32mDEBUG[0;39m [35m8457[0;39m [2m--- [UniversitySchedule_backend] [  restartedMain] [0;39m[36morg.hibernate.SQL                       [0;39m [2m:[0;39m select e1_0.id,e1_1.adresse,e1_1.cin,e1_1.email,e1_1.nom,e1_1.prenom,e1_1.tel,e1_0.code_enseignant,e1_0.heures from enseignants e1_0 join personne e1_1 on e1_0.id=e1_1.id where e1_0.id=?
Hibernate: select e1_0.id,e1_1.adresse,e1_1.cin,e1_1.email,e1_1.nom,e1_1.prenom,e1_1.tel,e1_0.code_enseignant,e1_0.heures from enseignants e1_0 join personne e1_1 on e1_0.id=e1_1.id where e1_0.id=?
[2m2025-02-10T23:17:13.140+01:00[0;39m [32mDEBUG[0;39m [35m8457[0;39m [2m--- [UniversitySchedule_backend] [  restartedMain] [0;39m[36morg.hibernate.SQL                       [0;39m [2m:[0;39m select s1_0.id,s1_0.capacite,s1_0.identifiant,s1_0.type from salles s1_0 where s1_0.id=?
Hibernate: select s1_0.id,s1_0.capacite,s1_0.identifiant,s1_0.type from salles s1_0 where s1_0.id=?
[2m2025-02-10T23:17:13.141+01:00[0;39m [32mDEBUG[0;39m [35m8457[0;39m [2m--- [UniversitySchedule_backend] [  restartedMain] [0;39m[36morg.hibernate.SQL                       [0;39m [2m:[0;39m select e1_0.id,e1_1.adresse,e1_1.cin,e1_1.email,e1_1.nom,e1_1.prenom,e1_1.tel,e1_0.code_enseignant,e1_0.heures from enseignants e1_0 join personne e1_1 on e1_0.id=e1_1.id where e1_0.id=?
Hibernate: select e1_0.id,e1_1.adresse,e1_1.cin,e1_1.email,e1_1.nom,e1_1.prenom,e1_1.tel,e1_0.code_enseignant,e1_0.heures from enseignants e1_0 join personne e1_1 on e1_0.id=e1_1.id where e1_0.id=?
[2m2025-02-10T23:17:13.142+01:00[0;39m [32mDEBUG[0;39m [35m8457[0;39m [2m--- [UniversitySchedule_backend] [  restartedMain] [0;39m[36morg.hibernate.SQL                       [0;39m [2m:[0;39m select s1_0.id,s1_0.capacite,s1_0.identifiant,s1_0.type from salles s1_0 where s1_0.id=?
Hibernate: select s1_0.id,s1_0.capacite,s1_0.identifiant,s1_0.type from salles s1_0 where s1_0.id=?
Conflicting Seance Pairs:
Conflict: Data Structures (Room C303) and Algorithms
Conflict: Computer Networks (Room D404) and Operating Systems
Conflict: Data Structures (Room C303) and Algorithms
Conflict: Computer Networks (Room D404) and Operating Systems
Conflict: Data Structures (Room C303) and Algorithms
Conflict: Computer Networks (Room D404) and Operating Systems
[2m2025-02-10T23:17:13.147+01:00[0;39m [32mDEBUG[0;39m [35m8457[0;39m [2m--- [UniversitySchedule_backend] [  restartedMain] [0;39m[36morg.hibernate.SQL                       [0;39m [2m:[0;39m select s1_0.id,s1_0.enseignant_id,s1_0.frequence,s1_0.heure_debut,s1_0.heure_fin,s1_0.jour,s1_0.matiere,s1_0.salle_id,s1_0.type,s2_0.id,s2_0.enseignant_id,s2_0.frequence,s2_0.heure_debut,s2_0.heure_fin,s2_0.jour,s2_0.matiere,s2_0.salle_id,s2_0.type from seances s1_0 join seances s2_0 on s1_0.jour=s2_0.jour and s1_0.id<s2_0.id where s1_0.salle_id=s2_0.salle_id and s1_0.heure_debut<s2_0.heure_fin and s1_0.heure_fin>s2_0.heure_debut
Hibernate: select s1_0.id,s1_0.enseignant_id,s1_0.frequence,s1_0.heure_debut,s1_0.heure_fin,s1_0.jour,s1_0.matiere,s1_0.salle_id,s1_0.type,s2_0.id,s2_0.enseignant_id,s2_0.frequence,s2_0.heure_debut,s2_0.heure_fin,s2_0.jour,s2_0.matiere,s2_0.salle_id,s2_0.type from seances s1_0 join seances s2_0 on s1_0.jour=s2_0.jour and s1_0.id<s2_0.id where s1_0.salle_id=s2_0.salle_id and s1_0.heure_debut<s2_0.heure_fin and s1_0.heure_fin>s2_0.heure_debut
[2m2025-02-10T23:17:13.149+01:00[0;39m [32mDEBUG[0;39m [35m8457[0;39m [2m--- [UniversitySchedule_backend] [  restartedMain] [0;39m[36morg.hibernate.SQL                       [0;39m [2m:[0;39m select e1_0.id,e1_1.adresse,e1_1.cin,e1_1.email,e1_1.nom,e1_1.prenom,e1_1.tel,e1_0.code_enseignant,e1_0.heures from enseignants e1_0 join personne e1_1 on e1_0.id=e1_1.id where e1_0.id=?
Hibernate: select e1_0.id,e1_1.adresse,e1_1.cin,e1_1.email,e1_1.nom,e1_1.prenom,e1_1.tel,e1_0.code_enseignant,e1_0.heures from enseignants e1_0 join personne e1_1 on e1_0.id=e1_1.id where e1_0.id=?
[2m2025-02-10T23:17:13.150+01:00[0;39m [32mDEBUG[0;39m [35m8457[0;39m [2m--- [UniversitySchedule_backend] [  restartedMain] [0;39m[36morg.hibernate.SQL                       [0;39m [2m:[0;39m select s1_0.id,s1_0.capacite,s1_0.identifiant,s1_0.type from salles s1_0 where s1_0.id=?
Hibernate: select s1_0.id,s1_0.capacite,s1_0.identifiant,s1_0.type from salles s1_0 where s1_0.id=?
[2m2025-02-10T23:17:13.150+01:00[0;39m [32mDEBUG[0;39m [35m8457[0;39m [2m--- [UniversitySchedule_backend] [  restartedMain] [0;39m[36morg.hibernate.SQL                       [0;39m [2m:[0;39m select e1_0.id,e1_1.adresse,e1_1.cin,e1_1.email,e1_1.nom,e1_1.prenom,e1_1.tel,e1_0.code_enseignant,e1_0.heures from enseignants e1_0 join personne e1_1 on e1_0.id=e1_1.id where e1_0.id=?
Hibernate: select e1_0.id,e1_1.adresse,e1_1.cin,e1_1.email,e1_1.nom,e1_1.prenom,e1_1.tel,e1_0.code_enseignant,e1_0.heures from enseignants e1_0 join personne e1_1 on e1_0.id=e1_1.id where e1_0.id=?
[2m2025-02-10T23:17:13.151+01:00[0;39m [32mDEBUG[0;39m [35m8457[0;39m [2m--- [UniversitySchedule_backend] [  restartedMain] [0;39m[36morg.hibernate.SQL                       [0;39m [2m:[0;39m select s1_0.id,s1_0.capacite,s1_0.identifiant,s1_0.type from salles s1_0 where s1_0.id=?
Hibernate: select s1_0.id,s1_0.capacite,s1_0.identifiant,s1_0.type from salles s1_0 where s1_0.id=?
[2m2025-02-10T23:17:13.152+01:00[0;39m [32mDEBUG[0;39m [35m8457[0;39m [2m--- [UniversitySchedule_backend] [  restartedMain] [0;39m[36morg.hibernate.SQL                       [0;39m [2m:[0;39m select e1_0.id,e1_1.adresse,e1_1.cin,e1_1.email,e1_1.nom,e1_1.prenom,e1_1.tel,e1_0.code_enseignant,e1_0.heures from enseignants e1_0 join personne e1_1 on e1_0.id=e1_1.id where e1_0.id=?
Hibernate: select e1_0.id,e1_1.adresse,e1_1.cin,e1_1.email,e1_1.nom,e1_1.prenom,e1_1.tel,e1_0.code_enseignant,e1_0.heures from enseignants e1_0 join personne e1_1 on e1_0.id=e1_1.id where e1_0.id=?
[2m2025-02-10T23:17:13.153+01:00[0;39m [32mDEBUG[0;39m [35m8457[0;39m [2m--- [UniversitySchedule_backend] [  restartedMain] [0;39m[36morg.hibernate.SQL                       [0;39m [2m:[0;39m select s1_0.id,s1_0.capacite,s1_0.identifiant,s1_0.type from salles s1_0 where s1_0.id=?
Hibernate: select s1_0.id,s1_0.capacite,s1_0.identifiant,s1_0.type from salles s1_0 where s1_0.id=?
[2m2025-02-10T23:17:13.154+01:00[0;39m [32mDEBUG[0;39m [35m8457[0;39m [2m--- [UniversitySchedule_backend] [  restartedMain] [0;39m[36morg.hibernate.SQL                       [0;39m [2m:[0;39m select e1_0.id,e1_1.adresse,e1_1.cin,e1_1.email,e1_1.nom,e1_1.prenom,e1_1.tel,e1_0.code_enseignant,e1_0.heures from enseignants e1_0 join personne e1_1 on e1_0.id=e1_1.id where e1_0.id=?
Hibernate: select e1_0.id,e1_1.adresse,e1_1.cin,e1_1.email,e1_1.nom,e1_1.prenom,e1_1.tel,e1_0.code_enseignant,e1_0.heures from enseignants e1_0 join personne e1_1 on e1_0.id=e1_1.id where e1_0.id=?
[2m2025-02-10T23:17:13.155+01:00[0;39m [32mDEBUG[0;39m [35m8457[0;39m [2m--- [UniversitySchedule_backend] [  restartedMain] [0;39m[36morg.hibernate.SQL                       [0;39m [2m:[0;39m select s1_0.id,s1_0.capacite,s1_0.identifiant,s1_0.type from salles s1_0 where s1_0.id=?
Hibernate: select s1_0.id,s1_0.capacite,s1_0.identifiant,s1_0.type from salles s1_0 where s1_0.id=?
[2m2025-02-10T23:17:13.156+01:00[0;39m [32mDEBUG[0;39m [35m8457[0;39m [2m--- [UniversitySchedule_backend] [  restartedMain] [0;39m[36morg.hibernate.SQL                       [0;39m [2m:[0;39m select e1_0.id,e1_1.adresse,e1_1.cin,e1_1.email,e1_1.nom,e1_1.prenom,e1_1.tel,e1_0.code_enseignant,e1_0.heures from enseignants e1_0 join personne e1_1 on e1_0.id=e1_1.id where e1_0.id=?
Hibernate: select e1_0.id,e1_1.adresse,e1_1.cin,e1_1.email,e1_1.nom,e1_1.prenom,e1_1.tel,e1_0.code_enseignant,e1_0.heures from enseignants e1_0 join personne e1_1 on e1_0.id=e1_1.id where e1_0.id=?
[2m2025-02-10T23:17:13.156+01:00[0;39m [32mDEBUG[0;39m [35m8457[0;39m [2m--- [UniversitySchedule_backend] [  restartedMain] [0;39m[36morg.hibernate.SQL                       [0;39m [2m:[0;39m select s1_0.id,s1_0.capacite,s1_0.identifiant,s1_0.type from salles s1_0 where s1_0.id=?
Hibernate: select s1_0.id,s1_0.capacite,s1_0.identifiant,s1_0.type from salles s1_0 where s1_0.id=?
[2m2025-02-10T23:17:13.157+01:00[0;39m [32mDEBUG[0;39m [35m8457[0;39m [2m--- [UniversitySchedule_backend] [  restartedMain] [0;39m[36morg.hibernate.SQL                       [0;39m [2m:[0;39m select e1_0.id,e1_1.adresse,e1_1.cin,e1_1.email,e1_1.nom,e1_1.prenom,e1_1.tel,e1_0.code_enseignant,e1_0.heures from enseignants e1_0 join personne e1_1 on e1_0.id=e1_1.id where e1_0.id=?
Hibernate: select e1_0.id,e1_1.adresse,e1_1.cin,e1_1.email,e1_1.nom,e1_1.prenom,e1_1.tel,e1_0.code_enseignant,e1_0.heures from enseignants e1_0 join personne e1_1 on e1_0.id=e1_1.id where e1_0.id=?
[2m2025-02-10T23:17:13.158+01:00[0;39m [32mDEBUG[0;39m [35m8457[0;39m [2m--- [UniversitySchedule_backend] [  restartedMain] [0;39m[36morg.hibernate.SQL                       [0;39m [2m:[0;39m select s1_0.id,s1_0.capacite,s1_0.identifiant,s1_0.type from salles s1_0 where s1_0.id=?
Hibernate: select s1_0.id,s1_0.capacite,s1_0.identifiant,s1_0.type from salles s1_0 where s1_0.id=?
Room Conflict Pairs:
Room C303 conflict: Data Structures vs Algorithms
Room D404 conflict: Computer Networks vs Operating Systems
Room C303 conflict: Data Structures vs Algorithms
Room D404 conflict: Computer Networks vs Operating Systems
Room C303 conflict: Data Structures vs Algorithms
Room D404 conflict: Computer Networks vs Operating Systems
[2m2025-02-10T23:17:13.181+01:00[0;39m [32mDEBUG[0;39m [35m8457[0;39m [2m--- [UniversitySchedule_backend] [  restartedMain] [0;39m[36morg.hibernate.SQL                       [0;39m [2m:[0;39m select s1_0.id,s1_0.enseignant_id,s1_0.frequence,s1_0.heure_debut,s1_0.heure_fin,s1_0.jour,s1_0.matiere,s1_0.salle_id,s1_0.type from seances s1_0
Hibernate: select s1_0.id,s1_0.enseignant_id,s1_0.frequence,s1_0.heure_debut,s1_0.heure_fin,s1_0.jour,s1_0.matiere,s1_0.salle_id,s1_0.type from seances s1_0
[2m2025-02-10T23:17:13.182+01:00[0;39m [32mDEBUG[0;39m [35m8457[0;39m [2m--- [UniversitySchedule_backend] [  restartedMain] [0;39m[36morg.hibernate.SQL                       [0;39m [2m:[0;39m select e1_0.id,e1_1.adresse,e1_1.cin,e1_1.email,e1_1.nom,e1_1.prenom,e1_1.tel,e1_0.code_enseignant,e1_0.heures from enseignants e1_0 join personne e1_1 on e1_0.id=e1_1.id where e1_0.id=?
Hibernate: select e1_0.id,e1_1.adresse,e1_1.cin,e1_1.email,e1_1.nom,e1_1.prenom,e1_1.tel,e1_0.code_enseignant,e1_0.heures from enseignants e1_0 join personne e1_1 on e1_0.id=e1_1.id where e1_0.id=?
[2m2025-02-10T23:17:13.184+01:00[0;39m [32mDEBUG[0;39m [35m8457[0;39m [2m--- [UniversitySchedule_backend] [  restartedMain] [0;39m[36morg.hibernate.SQL                       [0;39m [2m:[0;39m select s1_0.id,s1_0.capacite,s1_0.identifiant,s1_0.type from salles s1_0 where s1_0.id=?
Hibernate: select s1_0.id,s1_0.capacite,s1_0.identifiant,s1_0.type from salles s1_0 where s1_0.id=?
[2m2025-02-10T23:17:13.184+01:00[0;39m [32mDEBUG[0;39m [35m8457[0;39m [2m--- [UniversitySchedule_backend] [  restartedMain] [0;39m[36morg.hibernate.SQL                       [0;39m [2m:[0;39m select e1_0.id,e1_1.adresse,e1_1.cin,e1_1.email,e1_1.nom,e1_1.prenom,e1_1.tel,e1_0.code_enseignant,e1_0.heures from enseignants e1_0 join personne e1_1 on e1_0.id=e1_1.id where e1_0.id=?
Hibernate: select e1_0.id,e1_1.adresse,e1_1.cin,e1_1.email,e1_1.nom,e1_1.prenom,e1_1.tel,e1_0.code_enseignant,e1_0.heures from enseignants e1_0 join personne e1_1 on e1_0.id=e1_1.id where e1_0.id=?
[2m2025-02-10T23:17:13.185+01:00[0;39m [32mDEBUG[0;39m [35m8457[0;39m [2m--- [UniversitySchedule_backend] [  restartedMain] [0;39m[36morg.hibernate.SQL                       [0;39m [2m:[0;39m select s1_0.id,s1_0.capacite,s1_0.identifiant,s1_0.type from salles s1_0 where s1_0.id=?
Hibernate: select s1_0.id,s1_0.capacite,s1_0.identifiant,s1_0.type from salles s1_0 where s1_0.id=?
[2m2025-02-10T23:17:13.187+01:00[0;39m [32mDEBUG[0;39m [35m8457[0;39m [2m--- [UniversitySchedule_backend] [  restartedMain] [0;39m[36morg.hibernate.SQL                       [0;39m [2m:[0;39m select e1_0.id,e1_1.adresse,e1_1.cin,e1_1.email,e1_1.nom,e1_1.prenom,e1_1.tel,e1_0.code_enseignant,e1_0.heures from enseignants e1_0 join personne e1_1 on e1_0.id=e1_1.id where e1_0.id=?
Hibernate: select e1_0.id,e1_1.adresse,e1_1.cin,e1_1.email,e1_1.nom,e1_1.prenom,e1_1.tel,e1_0.code_enseignant,e1_0.heures from enseignants e1_0 join personne e1_1 on e1_0.id=e1_1.id where e1_0.id=?
[2m2025-02-10T23:17:13.187+01:00[0;39m [32mDEBUG[0;39m [35m8457[0;39m [2m--- [UniversitySchedule_backend] [  restartedMain] [0;39m[36morg.hibernate.SQL                       [0;39m [2m:[0;39m select s1_0.id,s1_0.capacite,s1_0.identifiant,s1_0.type from salles s1_0 where s1_0.id=?
Hibernate: select s1_0.id,s1_0.capacite,s1_0.identifiant,s1_0.type from salles s1_0 where s1_0.id=?
[2m2025-02-10T23:17:13.188+01:00[0;39m [32mDEBUG[0;39m [35m8457[0;39m [2m--- [UniversitySchedule_backend] [  restartedMain] [0;39m[36morg.hibernate.SQL                       [0;39m [2m:[0;39m select e1_0.id,e1_1.adresse,e1_1.cin,e1_1.email,e1_1.nom,e1_1.prenom,e1_1.tel,e1_0.code_enseignant,e1_0.heures from enseignants e1_0 join personne e1_1 on e1_0.id=e1_1.id where e1_0.id=?
Hibernate: select e1_0.id,e1_1.adresse,e1_1.cin,e1_1.email,e1_1.nom,e1_1.prenom,e1_1.tel,e1_0.code_enseignant,e1_0.heures from enseignants e1_0 join personne e1_1 on e1_0.id=e1_1.id where e1_0.id=?
[2m2025-02-10T23:17:13.189+01:00[0;39m [32mDEBUG[0;39m [35m8457[0;39m [2m--- [UniversitySchedule_backend] [  restartedMain] [0;39m[36morg.hibernate.SQL                       [0;39m [2m:[0;39m select e1_0.id,e1_1.adresse,e1_1.cin,e1_1.email,e1_1.nom,e1_1.prenom,e1_1.tel,e1_0.code_enseignant,e1_0.heures from enseignants e1_0 join personne e1_1 on e1_0.id=e1_1.id where e1_0.id=?
Hibernate: select e1_0.id,e1_1.adresse,e1_1.cin,e1_1.email,e1_1.nom,e1_1.prenom,e1_1.tel,e1_0.code_enseignant,e1_0.heures from enseignants e1_0 join personne e1_1 on e1_0.id=e1_1.id where e1_0.id=?
[2m2025-02-10T23:17:13.189+01:00[0;39m [32mDEBUG[0;39m [35m8457[0;39m [2m--- [UniversitySchedule_backend] [  restartedMain] [0;39m[36morg.hibernate.SQL                       [0;39m [2m:[0;39m select s1_0.id,s1_0.capacite,s1_0.identifiant,s1_0.type from salles s1_0 where s1_0.id=?
Hibernate: select s1_0.id,s1_0.capacite,s1_0.identifiant,s1_0.type from salles s1_0 where s1_0.id=?
[2m2025-02-10T23:17:13.190+01:00[0;39m [32mDEBUG[0;39m [35m8457[0;39m [2m--- [UniversitySchedule_backend] [  restartedMain] [0;39m[36morg.hibernate.SQL                       [0;39m [2m:[0;39m select e1_0.id,e1_1.adresse,e1_1.cin,e1_1.email,e1_1.nom,e1_1.prenom,e1_1.tel,e1_0.code_enseignant,e1_0.heures from enseignants e1_0 join personne e1_1 on e1_0.id=e1_1.id where e1_0.id=?
Hibernate: select e1_0.id,e1_1.adresse,e1_1.cin,e1_1.email,e1_1.nom,e1_1.prenom,e1_1.tel,e1_0.code_enseignant,e1_0.heures from enseignants e1_0 join personne e1_1 on e1_0.id=e1_1.id where e1_0.id=?
[2m2025-02-10T23:17:13.190+01:00[0;39m [32mDEBUG[0;39m [35m8457[0;39m [2m--- [UniversitySchedule_backend] [  restartedMain] [0;39m[36morg.hibernate.SQL                       [0;39m [2m:[0;39m select s1_0.id,s1_0.capacite,s1_0.identifiant,s1_0.type from salles s1_0 where s1_0.id=?
Hibernate: select s1_0.id,s1_0.capacite,s1_0.identifiant,s1_0.type from salles s1_0 where s1_0.id=?
[2m2025-02-10T23:17:13.191+01:00[0;39m [32mDEBUG[0;39m [35m8457[0;39m [2m--- [UniversitySchedule_backend] [  restartedMain] [0;39m[36morg.hibernate.SQL                       [0;39m [2m:[0;39m select e1_0.id,e1_1.adresse,e1_1.cin,e1_1.email,e1_1.nom,e1_1.prenom,e1_1.tel,e1_0.code_enseignant,e1_0.heures from enseignants e1_0 join personne e1_1 on e1_0.id=e1_1.id where e1_0.id=?
Hibernate: select e1_0.id,e1_1.adresse,e1_1.cin,e1_1.email,e1_1.nom,e1_1.prenom,e1_1.tel,e1_0.code_enseignant,e1_0.heures from enseignants e1_0 join personne e1_1 on e1_0.id=e1_1.id where e1_0.id=?
[2m2025-02-10T23:17:13.192+01:00[0;39m [32mDEBUG[0;39m [35m8457[0;39m [2m--- [UniversitySchedule_backend] [  restartedMain] [0;39m[36morg.hibernate.SQL                       [0;39m [2m:[0;39m select s1_0.id,s1_0.capacite,s1_0.identifiant,s1_0.type from salles s1_0 where s1_0.id=?
Hibernate: select s1_0.id,s1_0.capacite,s1_0.identifiant,s1_0.type from salles s1_0 where s1_0.id=?
[2m2025-02-10T23:17:13.192+01:00[0;39m [32mDEBUG[0;39m [35m8457[0;39m [2m--- [UniversitySchedule_backend] [  restartedMain] [0;39m[36morg.hibernate.SQL                       [0;39m [2m:[0;39m select e1_0.id,e1_1.adresse,e1_1.cin,e1_1.email,e1_1.nom,e1_1.prenom,e1_1.tel,e1_0.code_enseignant,e1_0.heures from enseignants e1_0 join personne e1_1 on e1_0.id=e1_1.id where e1_0.id=?
Hibernate: select e1_0.id,e1_1.adresse,e1_1.cin,e1_1.email,e1_1.nom,e1_1.prenom,e1_1.tel,e1_0.code_enseignant,e1_0.heures from enseignants e1_0 join personne e1_1 on e1_0.id=e1_1.id where e1_0.id=?
[2m2025-02-10T23:17:13.193+01:00[0;39m [32mDEBUG[0;39m [35m8457[0;39m [2m--- [UniversitySchedule_backend] [  restartedMain] [0;39m[36morg.hibernate.SQL                       [0;39m [2m:[0;39m select s1_0.id,s1_0.capacite,s1_0.identifiant,s1_0.type from salles s1_0 where s1_0.id=?
Hibernate: select s1_0.id,s1_0.capacite,s1_0.identifiant,s1_0.type from salles s1_0 where s1_0.id=?
[2m2025-02-10T23:17:13.194+01:00[0;39m [32mDEBUG[0;39m [35m8457[0;39m [2m--- [UniversitySchedule_backend] [  restartedMain] [0;39m[36morg.hibernate.SQL                       [0;39m [2m:[0;39m select e1_0.id,e1_1.adresse,e1_1.cin,e1_1.email,e1_1.nom,e1_1.prenom,e1_1.tel,e1_0.code_enseignant,e1_0.heures from enseignants e1_0 join personne e1_1 on e1_0.id=e1_1.id where e1_0.id=?
Hibernate: select e1_0.id,e1_1.adresse,e1_1.cin,e1_1.email,e1_1.nom,e1_1.prenom,e1_1.tel,e1_0.code_enseignant,e1_0.heures from enseignants e1_0 join personne e1_1 on e1_0.id=e1_1.id where e1_0.id=?
[2m2025-02-10T23:17:13.194+01:00[0;39m [32mDEBUG[0;39m [35m8457[0;39m [2m--- [UniversitySchedule_backend] [  restartedMain] [0;39m[36morg.hibernate.SQL                       [0;39m [2m:[0;39m select s1_0.id,s1_0.capacite,s1_0.identifiant,s1_0.type from salles s1_0 where s1_0.id=?
Hibernate: select s1_0.id,s1_0.capacite,s1_0.identifiant,s1_0.type from salles s1_0 where s1_0.id=?
[2m2025-02-10T23:17:13.195+01:00[0;39m [32mDEBUG[0;39m [35m8457[0;39m [2m--- [UniversitySchedule_backend] [  restartedMain] [0;39m[36morg.hibernate.SQL                       [0;39m [2m:[0;39m select e1_0.id,e1_1.adresse,e1_1.cin,e1_1.email,e1_1.nom,e1_1.prenom,e1_1.tel,e1_0.code_enseignant,e1_0.heures from enseignants e1_0 join personne e1_1 on e1_0.id=e1_1.id where e1_0.id=?
Hibernate: select e1_0.id,e1_1.adresse,e1_1.cin,e1_1.email,e1_1.nom,e1_1.prenom,e1_1.tel,e1_0.code_enseignant,e1_0.heures from enseignants e1_0 join personne e1_1 on e1_0.id=e1_1.id where e1_0.id=?
[2m2025-02-10T23:17:13.196+01:00[0;39m [32mDEBUG[0;39m [35m8457[0;39m [2m--- [UniversitySchedule_backend] [  restartedMain] [0;39m[36morg.hibernate.SQL                       [0;39m [2m:[0;39m select s1_0.id,s1_0.capacite,s1_0.identifiant,s1_0.type from salles s1_0 where s1_0.id=?
Hibernate: select s1_0.id,s1_0.capacite,s1_0.identifiant,s1_0.type from salles s1_0 where s1_0.id=?
[2m2025-02-10T23:17:13.205+01:00[0;39m [32mDEBUG[0;39m [35m8457[0;39m [2m--- [UniversitySchedule_backend] [  restartedMain] [0;39m[36morg.hibernate.SQL                       [0;39m [2m:[0;39m select s1_0.id,s1_0.enseignant_id,s1_0.frequence,s1_0.heure_debut,s1_0.heure_fin,s1_0.jour,s1_0.matiere,s1_0.salle_id,s1_0.type from seances s1_0 where s1_0.id<>? and s1_0.jour=? and s1_0.salle_id=? and s1_0.heure_debut<? and s1_0.heure_fin>?
Hibernate: select s1_0.id,s1_0.enseignant_id,s1_0.frequence,s1_0.heure_debut,s1_0.heure_fin,s1_0.jour,s1_0.matiere,s1_0.salle_id,s1_0.type from seances s1_0 where s1_0.id<>? and s1_0.jour=? and s1_0.salle_id=? and s1_0.heure_debut<? and s1_0.heure_fin>?
Room conflicts for seance (ID 1): []
[2m2025-02-10T23:17:38.517+01:00[0;39m [32m INFO[0;39m [35m8457[0;39m [2m--- [UniversitySchedule_backend] [ionShutdownHook] [0;39m[36mo.s.b.w.e.tomcat.GracefulShutdown       [0;39m [2m:[0;39m Commencing graceful shutdown. Waiting for active requests to complete
[2m2025-02-10T23:17:38.526+01:00[0;39m [32m INFO[0;39m [35m8457[0;39m [2m--- [UniversitySchedule_backend] [tomcat-shutdown] [0;39m[36mo.s.b.w.e.tomcat.GracefulShutdown       [0;39m [2m:[0;39m Graceful shutdown complete
[2m2025-02-10T23:17:38.535+01:00[0;39m [32m INFO[0;39m [35m8457[0;39m [2m--- [UniversitySchedule_backend] [ionShutdownHook] [0;39m[36mj.LocalContainerEntityManagerFactoryBean[0;39m [2m:[0;39m Closing JPA EntityManagerFactory for persistence unit 'default'
[2m2025-02-10T23:17:38.547+01:00[0;39m [32m INFO[0;39m [35m8457[0;39m [2m--- [UniversitySchedule_backend] [ionShutdownHook] [0;39m[36mcom.zaxxer.hikari.HikariDataSource      [0;39m [2m:[0;39m HikariPool-1 - Shutdown initiated...
[2m2025-02-10T23:17:38.576+01:00[0;39m [32m INFO[0;39m [35m8457[0;39m [2m--- [UniversitySchedule_backend] [ionShutdownHook] [0;39m[36mcom.zaxxer.hikari.HikariDataSource      [0;39m [2m:[0;39m HikariPool-1 - Shutdown completed.

  .   ____          _            __ _ _
 /\\ / ___'_ __ _ _(_)_ __  __ _ \ \ \ \
( ( )\___ | '_ | '_| | '_ \/ _` | \ \ \ \
 \\/  ___)| |_)| | | | | || (_| |  ) ) ) )
  '  |____| .__|_| |_|_| |_\__, | / / / /
 =========|_|==============|___/=/_/_/_/

[32m :: Spring Boot :: [39m              [2m (v3.4.2)[0;39m

[2m2025-02-10T23:17:44.378+01:00[0;39m [32m INFO[0;39m [35m8609[0;39m [2m--- [UniversitySchedule_backend] [  restartedMain] [0;39m[36ms.u.UniversityScheduleBackendApplication[0;39m [2m:[0;39m Starting UniversityScheduleBackendApplication using Java 21.0.6 with PID 8609 (/home/mahmoud/Engineering/ing1/projet-web-mobile/UniversitySchedule_backend/target/classes started by mahmoud in /home/mahmoud/Engineering/ing1/projet-web-mobile/UniversitySchedule_backend)
[2m2025-02-10T23:17:44.381+01:00[0;39m [32m INFO[0;39m [35m8609[0;39m [2m--- [UniversitySchedule_backend] [  restartedMain] [0;39m[36ms.u.UniversityScheduleBackendApplication[0;39m [2m:[0;39m No active profile set, falling back to 1 default profile: "default"
[2m2025-02-10T23:17:44.416+01:00[0;39m [32m INFO[0;39m [35m8609[0;39m [2m--- [UniversitySchedule_backend] [  restartedMain] [0;39m[36m.e.DevToolsPropertyDefaultsPostProcessor[0;39m [2m:[0;39m Devtools property defaults active! Set 'spring.devtools.add-properties' to 'false' to disable
[2m2025-02-10T23:17:44.416+01:00[0;39m [32m INFO[0;39m [35m8609[0;39m [2m--- [UniversitySchedule_backend] [  restartedMain] [0;39m[36m.e.DevToolsPropertyDefaultsPostProcessor[0;39m [2m:[0;39m For additional web related logging consider setting the 'logging.level.web' property to 'DEBUG'
[2m2025-02-10T23:17:44.900+01:00[0;39m [32m INFO[0;39m [35m8609[0;39m [2m--- [UniversitySchedule_backend] [  restartedMain] [0;39m[36m.s.d.r.c.RepositoryConfigurationDelegate[0;39m [2m:[0;39m Bootstrapping Spring Data JPA repositories in DEFAULT mode.
[2m2025-02-10T23:17:44.949+01:00[0;39m [32m INFO[0;39m [35m8609[0;39m [2m--- [UniversitySchedule_backend] [  restartedMain] [0;39m[36m.s.d.r.c.RepositoryConfigurationDelegate[0;39m [2m:[0;39m Finished Spring Data repository scanning in 42 ms. Found 14 JPA repository interfaces.
[2m2025-02-10T23:17:45.299+01:00[0;39m [32m INFO[0;39m [35m8609[0;39m [2m--- [UniversitySchedule_backend] [  restartedMain] [0;39m[36mo.s.b.w.embedded.tomcat.TomcatWebServer [0;39m [2m:[0;39m Tomcat initialized with port 8080 (http)
[2m2025-02-10T23:17:45.307+01:00[0;39m [32m INFO[0;39m [35m8609[0;39m [2m--- [UniversitySchedule_backend] [  restartedMain] [0;39m[36mo.apache.catalina.core.StandardService  [0;39m [2m:[0;39m Starting service [Tomcat]
[2m2025-02-10T23:17:45.307+01:00[0;39m [32m INFO[0;39m [35m8609[0;39m [2m--- [UniversitySchedule_backend] [  restartedMain] [0;39m[36mo.apache.catalina.core.StandardEngine   [0;39m [2m:[0;39m Starting Servlet engine: [Apache Tomcat/10.1.34]
[2m2025-02-10T23:17:45.331+01:00[0;39m [32m INFO[0;39m [35m8609[0;39m [2m--- [UniversitySchedule_backend] [  restartedMain] [0;39m[36mo.a.c.c.C.[Tomcat].[localhost].[/]      [0;39m [2m:[0;39m Initializing Spring embedded WebApplicationContext
[2m2025-02-10T23:17:45.332+01:00[0;39m [32m INFO[0;39m [35m8609[0;39m [2m--- [UniversitySchedule_backend] [  restartedMain] [0;39m[36mw.s.c.ServletWebServerApplicationContext[0;39m [2m:[0;39m Root WebApplicationContext: initialization completed in 915 ms
[2m2025-02-10T23:17:45.431+01:00[0;39m [32m INFO[0;39m [35m8609[0;39m [2m--- [UniversitySchedule_backend] [  restartedMain] [0;39m[36mo.hibernate.jpa.internal.util.LogHelper [0;39m [2m:[0;39m HHH000204: Processing PersistenceUnitInfo [name: default]
[2m2025-02-10T23:17:45.476+01:00[0;39m [32m INFO[0;39m [35m8609[0;39m [2m--- [UniversitySchedule_backend] [  restartedMain] [0;39m[36morg.hibernate.Version                   [0;39m [2m:[0;39m HHH000412: Hibernate ORM core version 6.6.5.Final
[2m2025-02-10T23:17:45.498+01:00[0;39m [32m INFO[0;39m [35m8609[0;39m [2m--- [UniversitySchedule_backend] [  restartedMain] [0;39m[36mo.h.c.internal.RegionFactoryInitiator   [0;39m [2m:[0;39m HHH000026: Second-level cache disabled
[2m2025-02-10T23:17:45.668+01:00[0;39m [32m INFO[0;39m [35m8609[0;39m [2m--- [UniversitySchedule_backend] [  restartedMain] [0;39m[36mo.s.o.j.p.SpringPersistenceUnitInfo     [0;39m [2m:[0;39m No LoadTimeWeaver setup: ignoring JPA class transformer
[2m2025-02-10T23:17:45.689+01:00[0;39m [32m INFO[0;39m [35m8609[0;39m [2m--- [UniversitySchedule_backend] [  restartedMain] [0;39m[36mcom.zaxxer.hikari.HikariDataSource      [0;39m [2m:[0;39m HikariPool-1 - Starting...
[2m2025-02-10T23:17:45.963+01:00[0;39m [32m INFO[0;39m [35m8609[0;39m [2m--- [UniversitySchedule_backend] [  restartedMain] [0;39m[36mcom.zaxxer.hikari.pool.HikariPool       [0;39m [2m:[0;39m HikariPool-1 - Added connection com.mysql.cj.jdbc.ConnectionImpl@4223f23b
[2m2025-02-10T23:17:45.964+01:00[0;39m [32m INFO[0;39m [35m8609[0;39m [2m--- [UniversitySchedule_backend] [  restartedMain] [0;39m[36mcom.zaxxer.hikari.HikariDataSource      [0;39m [2m:[0;39m HikariPool-1 - Start completed.
[2m2025-02-10T23:17:45.993+01:00[0;39m [33m WARN[0;39m [35m8609[0;39m [2m--- [UniversitySchedule_backend] [  restartedMain] [0;39m[36morg.hibernate.orm.deprecation           [0;39m [2m:[0;39m HHH90000025: MySQL8Dialect does not need to be specified explicitly using 'hibernate.dialect' (remove the property setting and it will be selected by default)
[2m2025-02-10T23:17:45.994+01:00[0;39m [33m WARN[0;39m [35m8609[0;39m [2m--- [UniversitySchedule_backend] [  restartedMain] [0;39m[36morg.hibernate.orm.deprecation           [0;39m [2m:[0;39m HHH90000026: MySQL8Dialect has been deprecated; use org.hibernate.dialect.MySQLDialect instead
[2m2025-02-10T23:17:46.005+01:00[0;39m [32m INFO[0;39m [35m8609[0;39m [2m--- [UniversitySchedule_backend] [  restartedMain] [0;39m[36morg.hibernate.orm.connections.pooling   [0;39m [2m:[0;39m HHH10001005: Database info:
	Database JDBC URL [Connecting through datasource 'HikariDataSource (HikariPool-1)']
	Database driver: undefined/unknown
	Database version: 8.0
	Autocommit mode: undefined/unknown
	Isolation level: undefined/unknown
	Minimum pool size: undefined/unknown
	Maximum pool size: undefined/unknown
[2m2025-02-10T23:17:46.743+01:00[0;39m [32m INFO[0;39m [35m8609[0;39m [2m--- [UniversitySchedule_backend] [  restartedMain] [0;39m[36mo.h.e.t.j.p.i.JtaPlatformInitiator      [0;39m [2m:[0;39m HHH000489: No JTA platform available (set 'hibernate.transaction.jta.platform' to enable JTA platform integration)
[2m2025-02-10T23:17:46.780+01:00[0;39m [32mDEBUG[0;39m [35m8609[0;39m [2m--- [UniversitySchedule_backend] [  restartedMain] [0;39m[36morg.hibernate.SQL                       [0;39m [2m:[0;39m create table notifications (id bigint not null auto_increment, date datetime(6), message varchar(255), read bit, type varchar(255), expediteur_id bigint, recepteur_id bigint, primary key (id)) engine=InnoDB
Hibernate: create table notifications (id bigint not null auto_increment, date datetime(6), message varchar(255), read bit, type varchar(255), expediteur_id bigint, recepteur_id bigint, primary key (id)) engine=InnoDB
[2m2025-02-10T23:17:46.965+01:00[0;39m [33m WARN[0;39m [35m8609[0;39m [2m--- [UniversitySchedule_backend] [  restartedMain] [0;39m[36mo.h.t.s.i.ExceptionHandlerLoggedImpl    [0;39m [2m:[0;39m GenerationTarget encountered exception accepting command : Error executing DDL "create table notifications (id bigint not null auto_increment, date datetime(6), message varchar(255), read bit, type varchar(255), expediteur_id bigint, recepteur_id bigint, primary key (id)) engine=InnoDB" via JDBC [You have an error in your SQL syntax; check the manual that corresponds to your MySQL server version for the right syntax to use near 'read bit, type varchar(255), expediteur_id bigint, recepteur_id bigint, primary ' at line 1]

org.hibernate.tool.schema.spi.CommandAcceptanceException: Error executing DDL "create table notifications (id bigint not null auto_increment, date datetime(6), message varchar(255), read bit, type varchar(255), expediteur_id bigint, recepteur_id bigint, primary key (id)) engine=InnoDB" via JDBC [You have an error in your SQL syntax; check the manual that corresponds to your MySQL server version for the right syntax to use near 'read bit, type varchar(255), expediteur_id bigint, recepteur_id bigint, primary ' at line 1]
	at org.hibernate.tool.schema.internal.exec.GenerationTargetToDatabase.accept(GenerationTargetToDatabase.java:94) ~[hibernate-core-6.6.5.Final.jar:6.6.5.Final]
	at org.hibernate.tool.schema.internal.AbstractSchemaMigrator.applySqlString(AbstractSchemaMigrator.java:576) ~[hibernate-core-6.6.5.Final.jar:6.6.5.Final]
	at org.hibernate.tool.schema.internal.AbstractSchemaMigrator.applySqlStrings(AbstractSchemaMigrator.java:516) ~[hibernate-core-6.6.5.Final.jar:6.6.5.Final]
	at org.hibernate.tool.schema.internal.AbstractSchemaMigrator.createTable(AbstractSchemaMigrator.java:316) ~[hibernate-core-6.6.5.Final.jar:6.6.5.Final]
	at org.hibernate.tool.schema.internal.GroupedSchemaMigratorImpl.performTablesMigration(GroupedSchemaMigratorImpl.java:80) ~[hibernate-core-6.6.5.Final.jar:6.6.5.Final]
	at org.hibernate.tool.schema.internal.AbstractSchemaMigrator.performMigration(AbstractSchemaMigrator.java:233) ~[hibernate-core-6.6.5.Final.jar:6.6.5.Final]
	at org.hibernate.tool.schema.internal.AbstractSchemaMigrator.doMigration(AbstractSchemaMigrator.java:112) ~[hibernate-core-6.6.5.Final.jar:6.6.5.Final]
	at org.hibernate.tool.schema.spi.SchemaManagementToolCoordinator.performDatabaseAction(SchemaManagementToolCoordinator.java:280) ~[hibernate-core-6.6.5.Final.jar:6.6.5.Final]
	at org.hibernate.tool.schema.spi.SchemaManagementToolCoordinator.lambda$process$5(SchemaManagementToolCoordinator.java:144) ~[hibernate-core-6.6.5.Final.jar:6.6.5.Final]
	at java.base/java.util.HashMap.forEach(HashMap.java:1429) ~[na:na]
	at org.hibernate.tool.schema.spi.SchemaManagementToolCoordinator.process(SchemaManagementToolCoordinator.java:141) ~[hibernate-core-6.6.5.Final.jar:6.6.5.Final]
	at org.hibernate.boot.internal.SessionFactoryObserverForSchemaExport.sessionFactoryCreated(SessionFactoryObserverForSchemaExport.java:37) ~[hibernate-core-6.6.5.Final.jar:6.6.5.Final]
	at org.hibernate.internal.SessionFactoryObserverChain.sessionFactoryCreated(SessionFactoryObserverChain.java:35) ~[hibernate-core-6.6.5.Final.jar:6.6.5.Final]
	at org.hibernate.internal.SessionFactoryImpl.<init>(SessionFactoryImpl.java:324) ~[hibernate-core-6.6.5.Final.jar:6.6.5.Final]
	at org.hibernate.boot.internal.SessionFactoryBuilderImpl.build(SessionFactoryBuilderImpl.java:463) ~[hibernate-core-6.6.5.Final.jar:6.6.5.Final]
	at org.hibernate.jpa.boot.internal.EntityManagerFactoryBuilderImpl.build(EntityManagerFactoryBuilderImpl.java:1506) ~[hibernate-core-6.6.5.Final.jar:6.6.5.Final]
	at org.springframework.orm.jpa.vendor.SpringHibernateJpaPersistenceProvider.createContainerEntityManagerFactory(SpringHibernateJpaPersistenceProvider.java:66) ~[spring-orm-6.2.2.jar:6.2.2]
	at org.springframework.orm.jpa.LocalContainerEntityManagerFactoryBean.createNativeEntityManagerFactory(LocalContainerEntityManagerFactoryBean.java:390) ~[spring-orm-6.2.2.jar:6.2.2]
	at org.springframework.orm.jpa.AbstractEntityManagerFactoryBean.buildNativeEntityManagerFactory(AbstractEntityManagerFactoryBean.java:419) ~[spring-orm-6.2.2.jar:6.2.2]
	at org.springframework.orm.jpa.AbstractEntityManagerFactoryBean.afterPropertiesSet(AbstractEntityManagerFactoryBean.java:400) ~[spring-orm-6.2.2.jar:6.2.2]
	at org.springframework.orm.jpa.LocalContainerEntityManagerFactoryBean.afterPropertiesSet(LocalContainerEntityManagerFactoryBean.java:366) ~[spring-orm-6.2.2.jar:6.2.2]
	at org.springframework.beans.factory.support.AbstractAutowireCapableBeanFactory.invokeInitMethods(AbstractAutowireCapableBeanFactory.java:1859) ~[spring-beans-6.2.2.jar:6.2.2]
	at org.springframework.beans.factory.support.AbstractAutowireCapableBeanFactory.initializeBean(AbstractAutowireCapableBeanFactory.java:1808) ~[spring-beans-6.2.2.jar:6.2.2]
	at org.springframework.beans.factory.support.AbstractAutowireCapableBeanFactory.doCreateBean(AbstractAutowireCapableBeanFactory.java:601) ~[spring-beans-6.2.2.jar:6.2.2]
	at org.springframework.beans.factory.support.AbstractAutowireCapableBeanFactory.createBean(AbstractAutowireCapableBeanFactory.java:523) ~[spring-beans-6.2.2.jar:6.2.2]
	at org.springframework.beans.factory.support.AbstractBeanFactory.lambda$doGetBean$0(AbstractBeanFactory.java:336) ~[spring-beans-6.2.2.jar:6.2.2]
	at org.springframework.beans.factory.support.DefaultSingletonBeanRegistry.getSingleton(DefaultSingletonBeanRegistry.java:307) ~[spring-beans-6.2.2.jar:6.2.2]
	at org.springframework.beans.factory.support.AbstractBeanFactory.doGetBean(AbstractBeanFactory.java:334) ~[spring-beans-6.2.2.jar:6.2.2]
	at org.springframework.beans.factory.support.AbstractBeanFactory.getBean(AbstractBeanFactory.java:204) ~[spring-beans-6.2.2.jar:6.2.2]
	at org.springframework.context.support.AbstractApplicationContext.finishBeanFactoryInitialization(AbstractApplicationContext.java:970) ~[spring-context-6.2.2.jar:6.2.2]
	at org.springframework.context.support.AbstractApplicationContext.refresh(AbstractApplicationContext.java:627) ~[spring-context-6.2.2.jar:6.2.2]
	at org.springframework.boot.web.servlet.context.ServletWebServerApplicationContext.refresh(ServletWebServerApplicationContext.java:146) ~[spring-boot-3.4.2.jar:3.4.2]
	at org.springframework.boot.SpringApplication.refresh(SpringApplication.java:752) ~[spring-boot-3.4.2.jar:3.4.2]
	at org.springframework.boot.SpringApplication.refreshContext(SpringApplication.java:439) ~[spring-boot-3.4.2.jar:3.4.2]
	at org.springframework.boot.SpringApplication.run(SpringApplication.java:318) ~[spring-boot-3.4.2.jar:3.4.2]
	at org.springframework.boot.SpringApplication.run(SpringApplication.java:1361) ~[spring-boot-3.4.2.jar:3.4.2]
	at org.springframework.boot.SpringApplication.run(SpringApplication.java:1350) ~[spring-boot-3.4.2.jar:3.4.2]
	at com.scheduling.universityschedule_backend.UniversityScheduleBackendApplication.main(UniversityScheduleBackendApplication.java:63) ~[classes/:na]
	at java.base/jdk.internal.reflect.DirectMethodHandleAccessor.invoke(DirectMethodHandleAccessor.java:103) ~[na:na]
	at java.base/java.lang.reflect.Method.invoke(Method.java:580) ~[na:na]
	at org.springframework.boot.devtools.restart.RestartLauncher.run(RestartLauncher.java:50) ~[spring-boot-devtools-3.4.2.jar:3.4.2]
Caused by: java.sql.SQLSyntaxErrorException: You have an error in your SQL syntax; check the manual that corresponds to your MySQL server version for the right syntax to use near 'read bit, type varchar(255), expediteur_id bigint, recepteur_id bigint, primary ' at line 1
	at com.mysql.cj.jdbc.exceptions.SQLError.createSQLException(SQLError.java:112) ~[mysql-connector-j-9.1.0.jar:9.1.0]
	at com.mysql.cj.jdbc.exceptions.SQLExceptionsMapping.translateException(SQLExceptionsMapping.java:114) ~[mysql-connector-j-9.1.0.jar:9.1.0]
	at com.mysql.cj.jdbc.StatementImpl.executeInternal(StatementImpl.java:837) ~[mysql-connector-j-9.1.0.jar:9.1.0]
	at com.mysql.cj.jdbc.StatementImpl.execute(StatementImpl.java:685) ~[mysql-connector-j-9.1.0.jar:9.1.0]
	at com.zaxxer.hikari.pool.ProxyStatement.execute(ProxyStatement.java:94) ~[HikariCP-5.1.0.jar:na]
	at com.zaxxer.hikari.pool.HikariProxyStatement.execute(HikariProxyStatement.java) ~[HikariCP-5.1.0.jar:na]
	at org.hibernate.tool.schema.internal.exec.GenerationTargetToDatabase.accept(GenerationTargetToDatabase.java:80) ~[hibernate-core-6.6.5.Final.jar:6.6.5.Final]
	... 40 common frames omitted

[2m2025-02-10T23:17:46.997+01:00[0;39m [32mDEBUG[0;39m [35m8609[0;39m [2m--- [UniversitySchedule_backend] [  restartedMain] [0;39m[36morg.hibernate.SQL                       [0;39m [2m:[0;39m alter table notifications add constraint FKney2jdvfwfjw6cc2e5lmknrh0 foreign key (expediteur_id) references personne (id)
Hibernate: alter table notifications add constraint FKney2jdvfwfjw6cc2e5lmknrh0 foreign key (expediteur_id) references personne (id)
[2m2025-02-10T23:17:46.999+01:00[0;39m [33m WARN[0;39m [35m8609[0;39m [2m--- [UniversitySchedule_backend] [  restartedMain] [0;39m[36mo.h.t.s.i.ExceptionHandlerLoggedImpl    [0;39m [2m:[0;39m GenerationTarget encountered exception accepting command : Error executing DDL "alter table notifications add constraint FKney2jdvfwfjw6cc2e5lmknrh0 foreign key (expediteur_id) references personne (id)" via JDBC [Table 'university_scheduling.notifications' doesn't exist]

org.hibernate.tool.schema.spi.CommandAcceptanceException: Error executing DDL "alter table notifications add constraint FKney2jdvfwfjw6cc2e5lmknrh0 foreign key (expediteur_id) references personne (id)" via JDBC [Table 'university_scheduling.notifications' doesn't exist]
	at org.hibernate.tool.schema.internal.exec.GenerationTargetToDatabase.accept(GenerationTargetToDatabase.java:94) ~[hibernate-core-6.6.5.Final.jar:6.6.5.Final]
	at org.hibernate.tool.schema.internal.AbstractSchemaMigrator.applySqlString(AbstractSchemaMigrator.java:576) ~[hibernate-core-6.6.5.Final.jar:6.6.5.Final]
	at org.hibernate.tool.schema.internal.AbstractSchemaMigrator.applySqlStrings(AbstractSchemaMigrator.java:516) ~[hibernate-core-6.6.5.Final.jar:6.6.5.Final]
	at org.hibernate.tool.schema.internal.AbstractSchemaMigrator.applyForeignKeys(AbstractSchemaMigrator.java:448) ~[hibernate-core-6.6.5.Final.jar:6.6.5.Final]
	at org.hibernate.tool.schema.internal.AbstractSchemaMigrator.performMigration(AbstractSchemaMigrator.java:269) ~[hibernate-core-6.6.5.Final.jar:6.6.5.Final]
	at org.hibernate.tool.schema.internal.AbstractSchemaMigrator.doMigration(AbstractSchemaMigrator.java:112) ~[hibernate-core-6.6.5.Final.jar:6.6.5.Final]
	at org.hibernate.tool.schema.spi.SchemaManagementToolCoordinator.performDatabaseAction(SchemaManagementToolCoordinator.java:280) ~[hibernate-core-6.6.5.Final.jar:6.6.5.Final]
	at org.hibernate.tool.schema.spi.SchemaManagementToolCoordinator.lambda$process$5(SchemaManagementToolCoordinator.java:144) ~[hibernate-core-6.6.5.Final.jar:6.6.5.Final]
	at java.base/java.util.HashMap.forEach(HashMap.java:1429) ~[na:na]
	at org.hibernate.tool.schema.spi.SchemaManagementToolCoordinator.process(SchemaManagementToolCoordinator.java:141) ~[hibernate-core-6.6.5.Final.jar:6.6.5.Final]
	at org.hibernate.boot.internal.SessionFactoryObserverForSchemaExport.sessionFactoryCreated(SessionFactoryObserverForSchemaExport.java:37) ~[hibernate-core-6.6.5.Final.jar:6.6.5.Final]
	at org.hibernate.internal.SessionFactoryObserverChain.sessionFactoryCreated(SessionFactoryObserverChain.java:35) ~[hibernate-core-6.6.5.Final.jar:6.6.5.Final]
	at org.hibernate.internal.SessionFactoryImpl.<init>(SessionFactoryImpl.java:324) ~[hibernate-core-6.6.5.Final.jar:6.6.5.Final]
	at org.hibernate.boot.internal.SessionFactoryBuilderImpl.build(SessionFactoryBuilderImpl.java:463) ~[hibernate-core-6.6.5.Final.jar:6.6.5.Final]
	at org.hibernate.jpa.boot.internal.EntityManagerFactoryBuilderImpl.build(EntityManagerFactoryBuilderImpl.java:1506) ~[hibernate-core-6.6.5.Final.jar:6.6.5.Final]
	at org.springframework.orm.jpa.vendor.SpringHibernateJpaPersistenceProvider.createContainerEntityManagerFactory(SpringHibernateJpaPersistenceProvider.java:66) ~[spring-orm-6.2.2.jar:6.2.2]
	at org.springframework.orm.jpa.LocalContainerEntityManagerFactoryBean.createNativeEntityManagerFactory(LocalContainerEntityManagerFactoryBean.java:390) ~[spring-orm-6.2.2.jar:6.2.2]
	at org.springframework.orm.jpa.AbstractEntityManagerFactoryBean.buildNativeEntityManagerFactory(AbstractEntityManagerFactoryBean.java:419) ~[spring-orm-6.2.2.jar:6.2.2]
	at org.springframework.orm.jpa.AbstractEntityManagerFactoryBean.afterPropertiesSet(AbstractEntityManagerFactoryBean.java:400) ~[spring-orm-6.2.2.jar:6.2.2]
	at org.springframework.orm.jpa.LocalContainerEntityManagerFactoryBean.afterPropertiesSet(LocalContainerEntityManagerFactoryBean.java:366) ~[spring-orm-6.2.2.jar:6.2.2]
	at org.springframework.beans.factory.support.AbstractAutowireCapableBeanFactory.invokeInitMethods(AbstractAutowireCapableBeanFactory.java:1859) ~[spring-beans-6.2.2.jar:6.2.2]
	at org.springframework.beans.factory.support.AbstractAutowireCapableBeanFactory.initializeBean(AbstractAutowireCapableBeanFactory.java:1808) ~[spring-beans-6.2.2.jar:6.2.2]
	at org.springframework.beans.factory.support.AbstractAutowireCapableBeanFactory.doCreateBean(AbstractAutowireCapableBeanFactory.java:601) ~[spring-beans-6.2.2.jar:6.2.2]
	at org.springframework.beans.factory.support.AbstractAutowireCapableBeanFactory.createBean(AbstractAutowireCapableBeanFactory.java:523) ~[spring-beans-6.2.2.jar:6.2.2]
	at org.springframework.beans.factory.support.AbstractBeanFactory.lambda$doGetBean$0(AbstractBeanFactory.java:336) ~[spring-beans-6.2.2.jar:6.2.2]
	at org.springframework.beans.factory.support.DefaultSingletonBeanRegistry.getSingleton(DefaultSingletonBeanRegistry.java:307) ~[spring-beans-6.2.2.jar:6.2.2]
	at org.springframework.beans.factory.support.AbstractBeanFactory.doGetBean(AbstractBeanFactory.java:334) ~[spring-beans-6.2.2.jar:6.2.2]
	at org.springframework.beans.factory.support.AbstractBeanFactory.getBean(AbstractBeanFactory.java:204) ~[spring-beans-6.2.2.jar:6.2.2]
	at org.springframework.context.support.AbstractApplicationContext.finishBeanFactoryInitialization(AbstractApplicationContext.java:970) ~[spring-context-6.2.2.jar:6.2.2]
	at org.springframework.context.support.AbstractApplicationContext.refresh(AbstractApplicationContext.java:627) ~[spring-context-6.2.2.jar:6.2.2]
	at org.springframework.boot.web.servlet.context.ServletWebServerApplicationContext.refresh(ServletWebServerApplicationContext.java:146) ~[spring-boot-3.4.2.jar:3.4.2]
	at org.springframework.boot.SpringApplication.refresh(SpringApplication.java:752) ~[spring-boot-3.4.2.jar:3.4.2]
	at org.springframework.boot.SpringApplication.refreshContext(SpringApplication.java:439) ~[spring-boot-3.4.2.jar:3.4.2]
	at org.springframework.boot.SpringApplication.run(SpringApplication.java:318) ~[spring-boot-3.4.2.jar:3.4.2]
	at org.springframework.boot.SpringApplication.run(SpringApplication.java:1361) ~[spring-boot-3.4.2.jar:3.4.2]
	at org.springframework.boot.SpringApplication.run(SpringApplication.java:1350) ~[spring-boot-3.4.2.jar:3.4.2]
	at com.scheduling.universityschedule_backend.UniversityScheduleBackendApplication.main(UniversityScheduleBackendApplication.java:63) ~[classes/:na]
	at java.base/jdk.internal.reflect.DirectMethodHandleAccessor.invoke(DirectMethodHandleAccessor.java:103) ~[na:na]
	at java.base/java.lang.reflect.Method.invoke(Method.java:580) ~[na:na]
	at org.springframework.boot.devtools.restart.RestartLauncher.run(RestartLauncher.java:50) ~[spring-boot-devtools-3.4.2.jar:3.4.2]
Caused by: java.sql.SQLSyntaxErrorException: Table 'university_scheduling.notifications' doesn't exist
	at com.mysql.cj.jdbc.exceptions.SQLError.createSQLException(SQLError.java:112) ~[mysql-connector-j-9.1.0.jar:9.1.0]
	at com.mysql.cj.jdbc.exceptions.SQLExceptionsMapping.translateException(SQLExceptionsMapping.java:114) ~[mysql-connector-j-9.1.0.jar:9.1.0]
	at com.mysql.cj.jdbc.StatementImpl.executeInternal(StatementImpl.java:837) ~[mysql-connector-j-9.1.0.jar:9.1.0]
	at com.mysql.cj.jdbc.StatementImpl.execute(StatementImpl.java:685) ~[mysql-connector-j-9.1.0.jar:9.1.0]
	at com.zaxxer.hikari.pool.ProxyStatement.execute(ProxyStatement.java:94) ~[HikariCP-5.1.0.jar:na]
	at com.zaxxer.hikari.pool.HikariProxyStatement.execute(HikariProxyStatement.java) ~[HikariCP-5.1.0.jar:na]
	at org.hibernate.tool.schema.internal.exec.GenerationTargetToDatabase.accept(GenerationTargetToDatabase.java:80) ~[hibernate-core-6.6.5.Final.jar:6.6.5.Final]
	... 39 common frames omitted

[2m2025-02-10T23:17:47.000+01:00[0;39m [32mDEBUG[0;39m [35m8609[0;39m [2m--- [UniversitySchedule_backend] [  restartedMain] [0;39m[36morg.hibernate.SQL                       [0;39m [2m:[0;39m alter table notifications add constraint FKl8huq985f66cuxnb68irenibf foreign key (recepteur_id) references personne (id)
Hibernate: alter table notifications add constraint FKl8huq985f66cuxnb68irenibf foreign key (recepteur_id) references personne (id)
[2m2025-02-10T23:17:47.001+01:00[0;39m [33m WARN[0;39m [35m8609[0;39m [2m--- [UniversitySchedule_backend] [  restartedMain] [0;39m[36mo.h.t.s.i.ExceptionHandlerLoggedImpl    [0;39m [2m:[0;39m GenerationTarget encountered exception accepting command : Error executing DDL "alter table notifications add constraint FKl8huq985f66cuxnb68irenibf foreign key (recepteur_id) references personne (id)" via JDBC [Table 'university_scheduling.notifications' doesn't exist]

org.hibernate.tool.schema.spi.CommandAcceptanceException: Error executing DDL "alter table notifications add constraint FKl8huq985f66cuxnb68irenibf foreign key (recepteur_id) references personne (id)" via JDBC [Table 'university_scheduling.notifications' doesn't exist]
	at org.hibernate.tool.schema.internal.exec.GenerationTargetToDatabase.accept(GenerationTargetToDatabase.java:94) ~[hibernate-core-6.6.5.Final.jar:6.6.5.Final]
	at org.hibernate.tool.schema.internal.AbstractSchemaMigrator.applySqlString(AbstractSchemaMigrator.java:576) ~[hibernate-core-6.6.5.Final.jar:6.6.5.Final]
	at org.hibernate.tool.schema.internal.AbstractSchemaMigrator.applySqlStrings(AbstractSchemaMigrator.java:516) ~[hibernate-core-6.6.5.Final.jar:6.6.5.Final]
	at org.hibernate.tool.schema.internal.AbstractSchemaMigrator.applyForeignKeys(AbstractSchemaMigrator.java:448) ~[hibernate-core-6.6.5.Final.jar:6.6.5.Final]
	at org.hibernate.tool.schema.internal.AbstractSchemaMigrator.performMigration(AbstractSchemaMigrator.java:269) ~[hibernate-core-6.6.5.Final.jar:6.6.5.Final]
	at org.hibernate.tool.schema.internal.AbstractSchemaMigrator.doMigration(AbstractSchemaMigrator.java:112) ~[hibernate-core-6.6.5.Final.jar:6.6.5.Final]
	at org.hibernate.tool.schema.spi.SchemaManagementToolCoordinator.performDatabaseAction(SchemaManagementToolCoordinator.java:280) ~[hibernate-core-6.6.5.Final.jar:6.6.5.Final]
	at org.hibernate.tool.schema.spi.SchemaManagementToolCoordinator.lambda$process$5(SchemaManagementToolCoordinator.java:144) ~[hibernate-core-6.6.5.Final.jar:6.6.5.Final]
	at java.base/java.util.HashMap.forEach(HashMap.java:1429) ~[na:na]
	at org.hibernate.tool.schema.spi.SchemaManagementToolCoordinator.process(SchemaManagementToolCoordinator.java:141) ~[hibernate-core-6.6.5.Final.jar:6.6.5.Final]
	at org.hibernate.boot.internal.SessionFactoryObserverForSchemaExport.sessionFactoryCreated(SessionFactoryObserverForSchemaExport.java:37) ~[hibernate-core-6.6.5.Final.jar:6.6.5.Final]
	at org.hibernate.internal.SessionFactoryObserverChain.sessionFactoryCreated(SessionFactoryObserverChain.java:35) ~[hibernate-core-6.6.5.Final.jar:6.6.5.Final]
	at org.hibernate.internal.SessionFactoryImpl.<init>(SessionFactoryImpl.java:324) ~[hibernate-core-6.6.5.Final.jar:6.6.5.Final]
	at org.hibernate.boot.internal.SessionFactoryBuilderImpl.build(SessionFactoryBuilderImpl.java:463) ~[hibernate-core-6.6.5.Final.jar:6.6.5.Final]
	at org.hibernate.jpa.boot.internal.EntityManagerFactoryBuilderImpl.build(EntityManagerFactoryBuilderImpl.java:1506) ~[hibernate-core-6.6.5.Final.jar:6.6.5.Final]
	at org.springframework.orm.jpa.vendor.SpringHibernateJpaPersistenceProvider.createContainerEntityManagerFactory(SpringHibernateJpaPersistenceProvider.java:66) ~[spring-orm-6.2.2.jar:6.2.2]
	at org.springframework.orm.jpa.LocalContainerEntityManagerFactoryBean.createNativeEntityManagerFactory(LocalContainerEntityManagerFactoryBean.java:390) ~[spring-orm-6.2.2.jar:6.2.2]
	at org.springframework.orm.jpa.AbstractEntityManagerFactoryBean.buildNativeEntityManagerFactory(AbstractEntityManagerFactoryBean.java:419) ~[spring-orm-6.2.2.jar:6.2.2]
	at org.springframework.orm.jpa.AbstractEntityManagerFactoryBean.afterPropertiesSet(AbstractEntityManagerFactoryBean.java:400) ~[spring-orm-6.2.2.jar:6.2.2]
	at org.springframework.orm.jpa.LocalContainerEntityManagerFactoryBean.afterPropertiesSet(LocalContainerEntityManagerFactoryBean.java:366) ~[spring-orm-6.2.2.jar:6.2.2]
	at org.springframework.beans.factory.support.AbstractAutowireCapableBeanFactory.invokeInitMethods(AbstractAutowireCapableBeanFactory.java:1859) ~[spring-beans-6.2.2.jar:6.2.2]
	at org.springframework.beans.factory.support.AbstractAutowireCapableBeanFactory.initializeBean(AbstractAutowireCapableBeanFactory.java:1808) ~[spring-beans-6.2.2.jar:6.2.2]
	at org.springframework.beans.factory.support.AbstractAutowireCapableBeanFactory.doCreateBean(AbstractAutowireCapableBeanFactory.java:601) ~[spring-beans-6.2.2.jar:6.2.2]
	at org.springframework.beans.factory.support.AbstractAutowireCapableBeanFactory.createBean(AbstractAutowireCapableBeanFactory.java:523) ~[spring-beans-6.2.2.jar:6.2.2]
	at org.springframework.beans.factory.support.AbstractBeanFactory.lambda$doGetBean$0(AbstractBeanFactory.java:336) ~[spring-beans-6.2.2.jar:6.2.2]
	at org.springframework.beans.factory.support.DefaultSingletonBeanRegistry.getSingleton(DefaultSingletonBeanRegistry.java:307) ~[spring-beans-6.2.2.jar:6.2.2]
	at org.springframework.beans.factory.support.AbstractBeanFactory.doGetBean(AbstractBeanFactory.java:334) ~[spring-beans-6.2.2.jar:6.2.2]
	at org.springframework.beans.factory.support.AbstractBeanFactory.getBean(AbstractBeanFactory.java:204) ~[spring-beans-6.2.2.jar:6.2.2]
	at org.springframework.context.support.AbstractApplicationContext.finishBeanFactoryInitialization(AbstractApplicationContext.java:970) ~[spring-context-6.2.2.jar:6.2.2]
	at org.springframework.context.support.AbstractApplicationContext.refresh(AbstractApplicationContext.java:627) ~[spring-context-6.2.2.jar:6.2.2]
	at org.springframework.boot.web.servlet.context.ServletWebServerApplicationContext.refresh(ServletWebServerApplicationContext.java:146) ~[spring-boot-3.4.2.jar:3.4.2]
	at org.springframework.boot.SpringApplication.refresh(SpringApplication.java:752) ~[spring-boot-3.4.2.jar:3.4.2]
	at org.springframework.boot.SpringApplication.refreshContext(SpringApplication.java:439) ~[spring-boot-3.4.2.jar:3.4.2]
	at org.springframework.boot.SpringApplication.run(SpringApplication.java:318) ~[spring-boot-3.4.2.jar:3.4.2]
	at org.springframework.boot.SpringApplication.run(SpringApplication.java:1361) ~[spring-boot-3.4.2.jar:3.4.2]
	at org.springframework.boot.SpringApplication.run(SpringApplication.java:1350) ~[spring-boot-3.4.2.jar:3.4.2]
	at com.scheduling.universityschedule_backend.UniversityScheduleBackendApplication.main(UniversityScheduleBackendApplication.java:63) ~[classes/:na]
	at java.base/jdk.internal.reflect.DirectMethodHandleAccessor.invoke(DirectMethodHandleAccessor.java:103) ~[na:na]
	at java.base/java.lang.reflect.Method.invoke(Method.java:580) ~[na:na]
	at org.springframework.boot.devtools.restart.RestartLauncher.run(RestartLauncher.java:50) ~[spring-boot-devtools-3.4.2.jar:3.4.2]
Caused by: java.sql.SQLSyntaxErrorException: Table 'university_scheduling.notifications' doesn't exist
	at com.mysql.cj.jdbc.exceptions.SQLError.createSQLException(SQLError.java:112) ~[mysql-connector-j-9.1.0.jar:9.1.0]
	at com.mysql.cj.jdbc.exceptions.SQLExceptionsMapping.translateException(SQLExceptionsMapping.java:114) ~[mysql-connector-j-9.1.0.jar:9.1.0]
	at com.mysql.cj.jdbc.StatementImpl.executeInternal(StatementImpl.java:837) ~[mysql-connector-j-9.1.0.jar:9.1.0]
	at com.mysql.cj.jdbc.StatementImpl.execute(StatementImpl.java:685) ~[mysql-connector-j-9.1.0.jar:9.1.0]
	at com.zaxxer.hikari.pool.ProxyStatement.execute(ProxyStatement.java:94) ~[HikariCP-5.1.0.jar:na]
	at com.zaxxer.hikari.pool.HikariProxyStatement.execute(HikariProxyStatement.java) ~[HikariCP-5.1.0.jar:na]
	at org.hibernate.tool.schema.internal.exec.GenerationTargetToDatabase.accept(GenerationTargetToDatabase.java:80) ~[hibernate-core-6.6.5.Final.jar:6.6.5.Final]
	... 39 common frames omitted

[2m2025-02-10T23:17:47.052+01:00[0;39m [32m INFO[0;39m [35m8609[0;39m [2m--- [UniversitySchedule_backend] [  restartedMain] [0;39m[36mj.LocalContainerEntityManagerFactoryBean[0;39m [2m:[0;39m Initialized JPA EntityManagerFactory for persistence unit 'default'
[2m2025-02-10T23:17:47.269+01:00[0;39m [32m INFO[0;39m [35m8609[0;39m [2m--- [UniversitySchedule_backend] [  restartedMain] [0;39m[36mo.s.d.j.r.query.QueryEnhancerFactory    [0;39m [2m:[0;39m Hibernate is in classpath; If applicable, HQL parser will be used.
