2025-02-17 21:07:03 [restartedMain] INFO  CustomLogger - ================== Testing List Fetching for All Entities ==================
2025-02-17 21:07:03 [restartedMain] INFO  CustomLogger - Enseignant: Enseignant(codeEnseignant=ENS0, heures=44)
2025-02-17 21:07:03 [restartedMain] INFO  CustomLogger -   Seances count: 4
2025-02-17 21:07:03 [restartedMain] INFO  CustomLogger -   Propositions count: 0
2025-02-17 21:07:03 [restartedMain] INFO  CustomLogger -   Signals count: 1
2025-02-17 21:07:03 [restartedMain] INFO  CustomLogger - Branche: Branche(id=1, niveau=CPI2, specialite=INFO, nbTD=3, departement=Technologie)
2025-02-17 21:07:03 [restartedMain] INFO  CustomLogger -   Seances count: 62
2025-02-17 21:07:03 [restartedMain] INFO  CustomLogger - Seance: Seance{id=1, jour='Wednesday', heureDebut='08:15', heureFin='09:45', type='TD', matiere='Matiere0', frequence='', salleId=1, enseignantId=39, branchesCount=1, tdsCount=1, tpsCount=1}
2025-02-17 21:07:03 [restartedMain] INFO  CustomLogger -   Branches count: 1
2025-02-17 21:07:03 [restartedMain] INFO  CustomLogger -   TDs count: 1
2025-02-17 21:07:03 [restartedMain] INFO  CustomLogger -   TPs count: 1
2025-02-17 21:07:03 [restartedMain] INFO  CustomLogger - Salle: Salle{id=1, identifiant='SAL0', type='Lecture Hall', capacite=122, seancesCount=31, disponibilite=[08:00-12:00, 13:00-17:00]}
2025-02-17 21:07:03 [restartedMain] INFO  CustomLogger -   Seances count: 31
2025-02-17 21:07:03 [restartedMain] INFO  CustomLogger -   Disponibilite: [08:00-12:00, 13:00-17:00]
2025-02-17 21:07:03 [restartedMain] INFO  CustomLogger - TD: TD(id=1, nb=3, nbTP=2, branche=Branche(id=1, niveau=CPI2, specialite=INFO, nbTD=3, departement=Technologie))
2025-02-17 21:07:03 [restartedMain] INFO  CustomLogger -   TP list count: 0
2025-02-17 21:07:03 [restartedMain] INFO  CustomLogger -   Seances count: 32
2025-02-17 21:07:03 [restartedMain] INFO  CustomLogger - TP: TP(id=1, nb=1, td=TD(id=4, nb=2, nbTP=1, branche=Branche(id=2, niveau=CPI2, specialite=INFO, nbTD=3, departement=Technologie)))
2025-02-17 21:07:03 [restartedMain] INFO  CustomLogger -   Etudiants count: 38
2025-02-17 21:07:03 [restartedMain] INFO  CustomLogger -   Seances count: 37
2025-02-17 21:07:03 [restartedMain] INFO  CustomLogger - FichierExcel: FichierExcel(id=1, fileName=schedule_0.xlsx, status=Imported, errors=[No errors], importDate=2025-02-16T21:29:16.146809)
2025-02-17 21:07:03 [restartedMain] INFO  CustomLogger -   Errors: [No errors]
2025-02-17 21:07:03 [restartedMain] INFO  CustomLogger - ================== Finished List Fetching Test ==================
2025-02-17 21:11:29 [restartedMain] INFO  CustomLogger - =============================Modifying Sample Data====================
2025-02-17 21:11:29 [restartedMain] INFO  CustomLogger - Updated hours for enseignant: enseignant0@example.com
2025-02-17 21:11:29 [restartedMain] INFO  CustomLogger - Updated hours for enseignant: enseignant1@example.com
2025-02-17 21:11:29 [restartedMain] INFO  CustomLogger - Updated hours for enseignant: enseignant2@example.com
2025-02-17 21:11:29 [restartedMain] INFO  CustomLogger - Updated address for etudiant: etudiant0@example.com
2025-02-17 21:11:29 [restartedMain] INFO  CustomLogger - Updated address for etudiant: etudiant1@example.com
2025-02-17 21:11:29 [restartedMain] INFO  CustomLogger - Updated address for etudiant: etudiant2@example.com
2025-02-17 21:12:23 [restartedMain] INFO  CustomLogger - =============================Modifying Sample Data====================
2025-02-17 21:12:23 [restartedMain] INFO  CustomLogger - Updated hours for enseignant: enseignant0@example.com
2025-02-17 21:12:23 [restartedMain] INFO  CustomLogger - Updated hours for enseignant: enseignant1@example.com
2025-02-17 21:12:23 [restartedMain] INFO  CustomLogger - Updated hours for enseignant: enseignant2@example.com
2025-02-17 21:12:23 [restartedMain] INFO  CustomLogger - Updated address for etudiant: etudiant0@example.com
2025-02-17 21:12:23 [restartedMain] INFO  CustomLogger - Updated address for etudiant: etudiant1@example.com
2025-02-17 21:12:23 [restartedMain] INFO  CustomLogger - Updated address for etudiant: etudiant2@example.com
2025-02-17 21:13:06 [restartedMain] INFO  CustomLogger - =============================Deleting Sample Data====================
2025-02-17 21:13:06 [restartedMain] INFO  CustomLogger - Deleted 0 notifications.
2025-02-17 21:13:06 [restartedMain] INFO  CustomLogger - Deleted 2 signals.
2025-02-17 21:16:17 [restartedMain] INFO  CustomLogger - =============================Deleting Sample Data====================
2025-02-17 21:16:17 [restartedMain] INFO  CustomLogger - Deleted 2 notifications.
2025-02-17 21:16:17 [restartedMain] INFO  CustomLogger - Deleted 2 signals.
2025-02-17 21:16:19 [restartedMain] INFO  CustomLogger - =============================Deleting Sample Data====================
2025-02-17 21:16:19 [restartedMain] INFO  CustomLogger - Deleted 2 notifications.
2025-02-17 21:16:19 [restartedMain] INFO  CustomLogger - Deleted 2 signals.
